[0.053s] Invoking command in '/code/build/articubot_one': CMAKE_PREFIX_PATH=${CMAKE_PREFIX_PATH}:/opt/ros/iron /usr/bin/cmake --build /code/build/articubot_one -- -j8 -l8
[0.210s] Invoked command in '/code/build/articubot_one' returned '0': CMAKE_PREFIX_PATH=${CMAKE_PREFIX_PATH}:/opt/ros/iron /usr/bin/cmake --build /code/build/articubot_one -- -j8 -l8
[0.331s] Invoking command in '/code/build/articubot_one': CMAKE_PREFIX_PATH=${CMAKE_PREFIX_PATH}:/opt/ros/iron /usr/bin/cmake --install /code/build/articubot_one
[0.359s] -- Install configuration: ""
[0.361s] -- Execute custom install script
[0.363s] -- Up-to-date symlink: /code/install/articubot_one/share/articubot_one/config/empty.yaml
[0.364s] -- Up-to-date symlink: /code/install/articubot_one/share/articubot_one/description/inertial_macros.xacro
[0.365s] -- Up-to-date symlink: /code/install/articubot_one/share/articubot_one/description/robot.urdf.xacro
[0.365s] -- Up-to-date symlink: /code/install/articubot_one/share/articubot_one/description/robot_core.xacro
[0.366s] -- Symlinking: /code/install/articubot_one/share/articubot_one/launch/launch_sim.launch.py
[0.401s] -- Up-to-date symlink: /code/install/articubot_one/share/articubot_one/launch/rsp.launch.py
[0.402s] -- Up-to-date symlink: /code/install/articubot_one/share/articubot_one/worlds/empty.world
[0.403s] -- Up-to-date symlink: /code/install/articubot_one/share/ament_index/resource_index/package_run_dependencies/articubot_one
[0.404s] -- Up-to-date symlink: /code/install/articubot_one/share/ament_index/resource_index/parent_prefix_path/articubot_one
[0.405s] -- Up-to-date symlink: /code/install/articubot_one/share/articubot_one/environment/ament_prefix_path.sh
[0.405s] -- Up-to-date symlink: /code/install/articubot_one/share/articubot_one/environment/ament_prefix_path.dsv
[0.406s] -- Up-to-date symlink: /code/install/articubot_one/share/articubot_one/environment/path.sh
[0.407s] -- Up-to-date symlink: /code/install/articubot_one/share/articubot_one/environment/path.dsv
[0.408s] -- Up-to-date symlink: /code/install/articubot_one/share/articubot_one/local_setup.bash
[0.409s] -- Up-to-date symlink: /code/install/articubot_one/share/articubot_one/local_setup.sh
[0.410s] -- Up-to-date symlink: /code/install/articubot_one/share/articubot_one/local_setup.zsh
[0.411s] -- Up-to-date symlink: /code/install/articubot_one/share/articubot_one/local_setup.dsv
[0.412s] -- Symlinking: /code/install/articubot_one/share/articubot_one/package.dsv
[0.447s] -- Up-to-date symlink: /code/install/articubot_one/share/ament_index/resource_index/packages/articubot_one
[0.448s] -- Up-to-date symlink: /code/install/articubot_one/share/articubot_one/cmake/articubot_oneConfig.cmake
[0.448s] -- Up-to-date symlink: /code/install/articubot_one/share/articubot_one/cmake/articubot_oneConfig-version.cmake
[0.449s] -- Up-to-date symlink: /code/install/articubot_one/share/articubot_one/package.xml
[0.456s] Invoked command in '/code/build/articubot_one' returned '0': CMAKE_PREFIX_PATH=${CMAKE_PREFIX_PATH}:/opt/ros/iron /usr/bin/cmake --install /code/build/articubot_one
