[1.984s] DEBUG:colcon:Command line arguments: ['/usr/bin/colcon', 'build', '--symlink-install']
[1.984s] DEBUG:colcon:Parsed command line arguments: Namespace(log_base=None, log_level=None, verb_name='build', build_base='build', install_base='install', merge_install=False, symlink_install=True, test_result_base=None, continue_on_error=False, executor='parallel', parallel_workers=8, event_handlers=None, ignore_user_meta=False, metas=['./colcon.meta'], base_paths=['.'], packages_ignore=None, packages_ignore_regex=None, paths=None, packages_up_to=None, packages_up_to_regex=None, packages_above=None, packages_above_and_dependencies=None, packages_above_depth=None, packages_select_by_dep=None, packages_skip_by_dep=None, packages_skip_up_to=None, packages_select_build_failed=False, packages_skip_build_finished=False, packages_select_test_failures=False, packages_skip_test_passed=False, packages_select=None, packages_skip=None, packages_select_regex=None, packages_skip_regex=None, packages_start=None, packages_end=None, cmake_args=None, cmake_target=None, cmake_target_skip_unavailable=False, cmake_clean_cache=False, cmake_clean_first=False, cmake_force_configure=False, ament_cmake_args=None, catkin_cmake_args=None, catkin_skip_building_tests=False, mixin_files=None, mixin=None, verb_parser=<colcon_mixin.mixin.mixin_argument.MixinArgumentDecorator object at 0x7a95602fceb0>, verb_extension=<colcon_core.verb.build.BuildVerb object at 0x7a95602fc460>, main=<bound method BuildVerb.main of <colcon_core.verb.build.BuildVerb object at 0x7a95602fc460>>, mixin_verb=('build',))
[6.866s] Level 1:colcon.colcon_core.package_discovery:discover_packages(colcon_meta) check parameters
[6.869s] Level 1:colcon.colcon_core.package_discovery:discover_packages(recursive) check parameters
[6.872s] Level 1:colcon.colcon_core.package_discovery:discover_packages(ignore) check parameters
[6.873s] Level 1:colcon.colcon_core.package_discovery:discover_packages(path) check parameters
[6.874s] Level 1:colcon.colcon_core.package_discovery:discover_packages(colcon_meta) discover
[6.874s] Level 1:colcon.colcon_core.package_discovery:discover_packages(recursive) discover
[6.875s] INFO:colcon.colcon_core.package_discovery:Crawling recursively for packages in '/code'
[6.876s] Level 1:colcon.colcon_core.package_identification:_identify(.) by extensions ['ignore', 'ignore_ament_install']
[6.876s] Level 1:colcon.colcon_core.package_identification:_identify(.) by extension 'ignore'
[6.877s] Level 1:colcon.colcon_core.package_identification:_identify(.) by extension 'ignore_ament_install'
[6.878s] Level 1:colcon.colcon_core.package_identification:_identify(.) by extensions ['colcon_pkg']
[6.878s] Level 1:colcon.colcon_core.package_identification:_identify(.) by extension 'colcon_pkg'
[6.879s] Level 1:colcon.colcon_core.package_identification:_identify(.) by extensions ['colcon_meta']
[6.880s] Level 1:colcon.colcon_core.package_identification:_identify(.) by extension 'colcon_meta'
[6.881s] Level 1:colcon.colcon_core.package_identification:_identify(.) by extensions ['ros']
[6.881s] Level 1:colcon.colcon_core.package_identification:_identify(.) by extension 'ros'
[7.009s] Level 1:colcon.colcon_core.package_identification:_identify(.) by extensions ['cmake', 'python']
[7.010s] Level 1:colcon.colcon_core.package_identification:_identify(.) by extension 'cmake'
[7.012s] Level 1:colcon.colcon_core.package_identification:_identify(.) by extension 'python'
[7.014s] Level 1:colcon.colcon_core.package_identification:_identify(.) by extensions ['python_setup_py']
[7.014s] Level 1:colcon.colcon_core.package_identification:_identify(.) by extension 'python_setup_py'
[7.015s] Level 1:colcon.colcon_core.package_identification:_identify(build) by extensions ['ignore', 'ignore_ament_install']
[7.016s] Level 1:colcon.colcon_core.package_identification:_identify(build) by extension 'ignore'
[7.016s] Level 1:colcon.colcon_core.package_identification:_identify(build) ignored
[7.017s] Level 1:colcon.colcon_core.package_identification:_identify(docker) by extensions ['ignore', 'ignore_ament_install']
[7.019s] Level 1:colcon.colcon_core.package_identification:_identify(docker) by extension 'ignore'
[7.020s] Level 1:colcon.colcon_core.package_identification:_identify(docker) by extension 'ignore_ament_install'
[7.021s] Level 1:colcon.colcon_core.package_identification:_identify(docker) by extensions ['colcon_pkg']
[7.021s] Level 1:colcon.colcon_core.package_identification:_identify(docker) by extension 'colcon_pkg'
[7.021s] Level 1:colcon.colcon_core.package_identification:_identify(docker) by extensions ['colcon_meta']
[7.021s] Level 1:colcon.colcon_core.package_identification:_identify(docker) by extension 'colcon_meta'
[7.022s] Level 1:colcon.colcon_core.package_identification:_identify(docker) by extensions ['ros']
[7.022s] Level 1:colcon.colcon_core.package_identification:_identify(docker) by extension 'ros'
[7.022s] Level 1:colcon.colcon_core.package_identification:_identify(docker) by extensions ['cmake', 'python']
[7.022s] Level 1:colcon.colcon_core.package_identification:_identify(docker) by extension 'cmake'
[7.022s] Level 1:colcon.colcon_core.package_identification:_identify(docker) by extension 'python'
[7.023s] Level 1:colcon.colcon_core.package_identification:_identify(docker) by extensions ['python_setup_py']
[7.023s] Level 1:colcon.colcon_core.package_identification:_identify(docker) by extension 'python_setup_py'
[7.023s] Level 1:colcon.colcon_core.package_identification:_identify(install) by extensions ['ignore', 'ignore_ament_install']
[7.023s] Level 1:colcon.colcon_core.package_identification:_identify(install) by extension 'ignore'
[7.023s] Level 1:colcon.colcon_core.package_identification:_identify(install) ignored
[7.024s] Level 1:colcon.colcon_core.package_identification:_identify(joy_tester) by extensions ['ignore', 'ignore_ament_install']
[7.024s] Level 1:colcon.colcon_core.package_identification:_identify(joy_tester) by extension 'ignore'
[7.024s] Level 1:colcon.colcon_core.package_identification:_identify(joy_tester) by extension 'ignore_ament_install'
[7.025s] Level 1:colcon.colcon_core.package_identification:_identify(joy_tester) by extensions ['colcon_pkg']
[7.025s] Level 1:colcon.colcon_core.package_identification:_identify(joy_tester) by extension 'colcon_pkg'
[7.025s] Level 1:colcon.colcon_core.package_identification:_identify(joy_tester) by extensions ['colcon_meta']
[7.025s] Level 1:colcon.colcon_core.package_identification:_identify(joy_tester) by extension 'colcon_meta'
[7.025s] Level 1:colcon.colcon_core.package_identification:_identify(joy_tester) by extensions ['ros']
[7.025s] Level 1:colcon.colcon_core.package_identification:_identify(joy_tester) by extension 'ros'
[7.051s] DEBUG:colcon.colcon_core.package_identification:Package 'joy_tester' with type 'ros.ament_python' and name 'joy_tester'
[7.052s] Level 1:colcon.colcon_core.package_identification:_identify(log) by extensions ['ignore', 'ignore_ament_install']
[7.052s] Level 1:colcon.colcon_core.package_identification:_identify(log) by extension 'ignore'
[7.053s] Level 1:colcon.colcon_core.package_identification:_identify(log) ignored
[7.055s] Level 1:colcon.colcon_core.package_identification:_identify(src) by extensions ['ignore', 'ignore_ament_install']
[7.057s] Level 1:colcon.colcon_core.package_identification:_identify(src) by extension 'ignore'
[7.059s] Level 1:colcon.colcon_core.package_identification:_identify(src) by extension 'ignore_ament_install'
[7.060s] Level 1:colcon.colcon_core.package_identification:_identify(src) by extensions ['colcon_pkg']
[7.062s] Level 1:colcon.colcon_core.package_identification:_identify(src) by extension 'colcon_pkg'
[7.064s] Level 1:colcon.colcon_core.package_identification:_identify(src) by extensions ['colcon_meta']
[7.066s] Level 1:colcon.colcon_core.package_identification:_identify(src) by extension 'colcon_meta'
[7.068s] Level 1:colcon.colcon_core.package_identification:_identify(src) by extensions ['ros']
[7.069s] Level 1:colcon.colcon_core.package_identification:_identify(src) by extension 'ros'
[7.070s] Level 1:colcon.colcon_core.package_identification:_identify(src) by extensions ['cmake', 'python']
[7.070s] Level 1:colcon.colcon_core.package_identification:_identify(src) by extension 'cmake'
[7.071s] Level 1:colcon.colcon_core.package_identification:_identify(src) by extension 'python'
[7.072s] Level 1:colcon.colcon_core.package_identification:_identify(src) by extensions ['python_setup_py']
[7.073s] Level 1:colcon.colcon_core.package_identification:_identify(src) by extension 'python_setup_py'
[7.075s] Level 1:colcon.colcon_core.package_identification:_identify(src/articubot_one) by extensions ['ignore', 'ignore_ament_install']
[7.076s] Level 1:colcon.colcon_core.package_identification:_identify(src/articubot_one) by extension 'ignore'
[7.076s] Level 1:colcon.colcon_core.package_identification:_identify(src/articubot_one) by extension 'ignore_ament_install'
[7.077s] Level 1:colcon.colcon_core.package_identification:_identify(src/articubot_one) by extensions ['colcon_pkg']
[7.077s] Level 1:colcon.colcon_core.package_identification:_identify(src/articubot_one) by extension 'colcon_pkg'
[7.077s] Level 1:colcon.colcon_core.package_identification:_identify(src/articubot_one) by extensions ['colcon_meta']
[7.078s] Level 1:colcon.colcon_core.package_identification:_identify(src/articubot_one) by extension 'colcon_meta'
[7.081s] Level 1:colcon.colcon_core.package_identification:_identify(src/articubot_one) by extensions ['ros']
[7.083s] Level 1:colcon.colcon_core.package_identification:_identify(src/articubot_one) by extension 'ros'
[7.092s] DEBUG:colcon.colcon_core.package_identification:Package 'src/articubot_one' with type 'ros.ament_cmake' and name 'articubot_one'
[7.094s] Level 1:colcon.colcon_core.package_discovery:discover_packages(recursive) using defaults
[7.095s] Level 1:colcon.colcon_core.package_discovery:discover_packages(ignore) discover
[7.095s] Level 1:colcon.colcon_core.package_discovery:discover_packages(ignore) using defaults
[7.096s] Level 1:colcon.colcon_core.package_discovery:discover_packages(path) discover
[7.096s] Level 1:colcon.colcon_core.package_discovery:discover_packages(path) using defaults
[7.488s] Level 5:colcon.colcon_core.verb:set package 'articubot_one' build argument 'cmake_args' from command line to 'None'
[7.489s] Level 5:colcon.colcon_core.verb:set package 'articubot_one' build argument 'cmake_target' from command line to 'None'
[7.489s] Level 5:colcon.colcon_core.verb:set package 'articubot_one' build argument 'cmake_target_skip_unavailable' from command line to 'False'
[7.489s] Level 5:colcon.colcon_core.verb:set package 'articubot_one' build argument 'cmake_clean_cache' from command line to 'False'
[7.490s] Level 5:colcon.colcon_core.verb:set package 'articubot_one' build argument 'cmake_clean_first' from command line to 'False'
[7.490s] Level 5:colcon.colcon_core.verb:set package 'articubot_one' build argument 'cmake_force_configure' from command line to 'False'
[7.490s] Level 5:colcon.colcon_core.verb:set package 'articubot_one' build argument 'ament_cmake_args' from command line to 'None'
[7.490s] Level 5:colcon.colcon_core.verb:set package 'articubot_one' build argument 'catkin_cmake_args' from command line to 'None'
[7.490s] Level 5:colcon.colcon_core.verb:set package 'articubot_one' build argument 'catkin_skip_building_tests' from command line to 'False'
[7.491s] DEBUG:colcon.colcon_core.verb:Building package 'articubot_one' with the following arguments: {'ament_cmake_args': None, 'build_base': '/code/build/articubot_one', 'catkin_cmake_args': None, 'catkin_skip_building_tests': False, 'cmake_args': None, 'cmake_clean_cache': False, 'cmake_clean_first': False, 'cmake_force_configure': False, 'cmake_target': None, 'cmake_target_skip_unavailable': False, 'install_base': '/code/install/articubot_one', 'merge_install': False, 'path': '/code/src/articubot_one', 'symlink_install': True, 'test_result_base': None}
[7.495s] Level 5:colcon.colcon_core.verb:set package 'joy_tester' build argument 'cmake_args' from command line to 'None'
[7.496s] Level 5:colcon.colcon_core.verb:set package 'joy_tester' build argument 'cmake_target' from command line to 'None'
[7.496s] Level 5:colcon.colcon_core.verb:set package 'joy_tester' build argument 'cmake_target_skip_unavailable' from command line to 'False'
[7.496s] Level 5:colcon.colcon_core.verb:set package 'joy_tester' build argument 'cmake_clean_cache' from command line to 'False'
[7.496s] Level 5:colcon.colcon_core.verb:set package 'joy_tester' build argument 'cmake_clean_first' from command line to 'False'
[7.496s] Level 5:colcon.colcon_core.verb:set package 'joy_tester' build argument 'cmake_force_configure' from command line to 'False'
[7.496s] Level 5:colcon.colcon_core.verb:set package 'joy_tester' build argument 'ament_cmake_args' from command line to 'None'
[7.496s] Level 5:colcon.colcon_core.verb:set package 'joy_tester' build argument 'catkin_cmake_args' from command line to 'None'
[7.496s] Level 5:colcon.colcon_core.verb:set package 'joy_tester' build argument 'catkin_skip_building_tests' from command line to 'False'
[7.496s] DEBUG:colcon.colcon_core.verb:Building package 'joy_tester' with the following arguments: {'ament_cmake_args': None, 'build_base': '/code/build/joy_tester', 'catkin_cmake_args': None, 'catkin_skip_building_tests': False, 'cmake_args': None, 'cmake_clean_cache': False, 'cmake_clean_first': False, 'cmake_force_configure': False, 'cmake_target': None, 'cmake_target_skip_unavailable': False, 'install_base': '/code/install/joy_tester', 'merge_install': False, 'path': '/code/joy_tester', 'symlink_install': True, 'test_result_base': None}
[7.497s] INFO:colcon.colcon_core.executor:Executing jobs using 'parallel' executor
[7.505s] DEBUG:colcon.colcon_parallel_executor.executor.parallel:run_until_complete
[7.512s] INFO:colcon.colcon_ros.task.ament_cmake.build:Building ROS package in '/code/src/articubot_one' with build type 'ament_cmake'
[7.517s] INFO:colcon.colcon_cmake.task.cmake.build:Building CMake package in '/code/src/articubot_one'
[7.588s] INFO:colcon.colcon_core.plugin_system:Skipping extension 'colcon_core.shell.bat': Not used on non-Windows systems
[7.590s] INFO:colcon.colcon_core.shell:Skip shell extension 'powershell' for command environment: Not usable outside of PowerShell
[7.591s] DEBUG:colcon.colcon_core.shell:Skip shell extension 'dsv' for command environment
[7.724s] INFO:colcon.colcon_ros.task.ament_python.build:Building ROS package in '/code/joy_tester' with build type 'ament_python'
[7.726s] Level 1:colcon.colcon_core.shell:create_environment_hook('joy_tester', 'ament_prefix_path')
[7.728s] INFO:colcon.colcon_core.shell:Creating environment hook '/code/install/joy_tester/share/joy_tester/hook/ament_prefix_path.ps1'
[7.770s] INFO:colcon.colcon_core.shell:Creating environment descriptor '/code/install/joy_tester/share/joy_tester/hook/ament_prefix_path.dsv'
[7.784s] INFO:colcon.colcon_core.shell:Creating environment hook '/code/install/joy_tester/share/joy_tester/hook/ament_prefix_path.sh'
[7.799s] INFO:colcon.colcon_core.shell:Skip shell extension 'powershell' for command environment: Not usable outside of PowerShell
[7.801s] DEBUG:colcon.colcon_core.shell:Skip shell extension 'dsv' for command environment
[7.913s] DEBUG:colcon.colcon_core.event_handler.log_command:Invoking command in '/code/build/articubot_one': CMAKE_PREFIX_PATH=${CMAKE_PREFIX_PATH}:/code/install/joy_tester:/opt/ros/iron /usr/bin/cmake --build /code/build/articubot_one -- -j8 -l8
[11.236s] INFO:colcon.colcon_core.task.python.build:Building Python package in '/code/joy_tester'
[11.244s] INFO:colcon.colcon_core.shell:Skip shell extension 'powershell' for command environment: Not usable outside of PowerShell
[11.245s] DEBUG:colcon.colcon_core.shell:Skip shell extension 'dsv' for command environment
[11.314s] DEBUG:colcon.colcon_core.event_handler.log_command:Invoked command in '/code/build/articubot_one' returned '0': CMAKE_PREFIX_PATH=${CMAKE_PREFIX_PATH}:/code/install/joy_tester:/opt/ros/iron /usr/bin/cmake --build /code/build/articubot_one -- -j8 -l8
[11.665s] DEBUG:colcon.colcon_core.event_handler.log_command:Invoking command in '/code/build/articubot_one': CMAKE_PREFIX_PATH=${CMAKE_PREFIX_PATH}:/code/install/joy_tester:/opt/ros/iron /usr/bin/cmake --install /code/build/articubot_one
[11.999s] Level 1:colcon.colcon_core.environment:create_environment_scripts_only(articubot_one)
[12.010s] DEBUG:colcon.colcon_core.event_handler.log_command:Invoked command in '/code/build/articubot_one' returned '0': CMAKE_PREFIX_PATH=${CMAKE_PREFIX_PATH}:/code/install/joy_tester:/opt/ros/iron /usr/bin/cmake --install /code/build/articubot_one
[12.063s] Level 1:colcon.colcon_core.environment:checking '/code/install/articubot_one' for CMake module files
[12.070s] Level 1:colcon.colcon_core.environment:checking '/code/install/articubot_one' for CMake config files
[12.075s] Level 1:colcon.colcon_core.shell:create_environment_hook('articubot_one', 'cmake_prefix_path')
[12.077s] INFO:colcon.colcon_core.shell:Creating environment hook '/code/install/articubot_one/share/articubot_one/hook/cmake_prefix_path.ps1'
[12.083s] INFO:colcon.colcon_core.shell:Creating environment descriptor '/code/install/articubot_one/share/articubot_one/hook/cmake_prefix_path.dsv'
[12.095s] INFO:colcon.colcon_core.shell:Creating environment hook '/code/install/articubot_one/share/articubot_one/hook/cmake_prefix_path.sh'
[12.106s] Level 1:colcon.colcon_core.environment:checking '/code/install/articubot_one/bin'
[12.110s] Level 1:colcon.colcon_core.environment:checking '/code/install/articubot_one/lib/pkgconfig/articubot_one.pc'
[12.113s] Level 1:colcon.colcon_core.environment:checking '/code/install/articubot_one/lib/python3.10/site-packages'
[12.114s] Level 1:colcon.colcon_core.environment:checking '/code/install/articubot_one/bin'
[12.122s] INFO:colcon.colcon_core.shell:Creating package script '/code/install/articubot_one/share/articubot_one/package.ps1'
[12.134s] INFO:colcon.colcon_core.shell:Creating package descriptor '/code/install/articubot_one/share/articubot_one/package.dsv'
[12.140s] INFO:colcon.colcon_core.shell:Creating package script '/code/install/articubot_one/share/articubot_one/package.sh'
[12.284s] INFO:colcon.colcon_core.shell:Creating package script '/code/install/articubot_one/share/articubot_one/package.bash'
[12.297s] INFO:colcon.colcon_core.shell:Creating package script '/code/install/articubot_one/share/articubot_one/package.zsh'
[12.318s] Level 1:colcon.colcon_core.environment:create_file_with_runtime_dependencies(/code/install/articubot_one/share/colcon-core/packages/articubot_one)
[12.518s] Level 1:colcon.colcon_core.environment:create_environment_scripts_only(articubot_one)
[12.521s] Level 1:colcon.colcon_core.environment:checking '/code/install/articubot_one' for CMake module files
[12.525s] Level 1:colcon.colcon_core.environment:checking '/code/install/articubot_one' for CMake config files
[12.529s] Level 1:colcon.colcon_core.shell:create_environment_hook('articubot_one', 'cmake_prefix_path')
[12.533s] INFO:colcon.colcon_core.shell:Creating environment hook '/code/install/articubot_one/share/articubot_one/hook/cmake_prefix_path.ps1'
[12.540s] INFO:colcon.colcon_core.shell:Creating environment descriptor '/code/install/articubot_one/share/articubot_one/hook/cmake_prefix_path.dsv'
[12.552s] INFO:colcon.colcon_core.shell:Creating environment hook '/code/install/articubot_one/share/articubot_one/hook/cmake_prefix_path.sh'
[12.558s] Level 1:colcon.colcon_core.environment:checking '/code/install/articubot_one/bin'
[12.559s] Level 1:colcon.colcon_core.environment:checking '/code/install/articubot_one/lib/pkgconfig/articubot_one.pc'
[12.560s] Level 1:colcon.colcon_core.environment:checking '/code/install/articubot_one/lib/python3.10/site-packages'
[12.562s] Level 1:colcon.colcon_core.environment:checking '/code/install/articubot_one/bin'
[12.564s] INFO:colcon.colcon_core.shell:Creating package script '/code/install/articubot_one/share/articubot_one/package.ps1'
[12.574s] INFO:colcon.colcon_core.shell:Creating package descriptor '/code/install/articubot_one/share/articubot_one/package.dsv'
[12.585s] INFO:colcon.colcon_core.shell:Creating package script '/code/install/articubot_one/share/articubot_one/package.sh'
[12.592s] INFO:colcon.colcon_core.shell:Creating package script '/code/install/articubot_one/share/articubot_one/package.bash'
[12.602s] INFO:colcon.colcon_core.shell:Creating package script '/code/install/articubot_one/share/articubot_one/package.zsh'
[12.611s] Level 1:colcon.colcon_core.environment:create_file_with_runtime_dependencies(/code/install/articubot_one/share/colcon-core/packages/articubot_one)
[17.136s] DEBUG:colcon.colcon_core.event_handler.log_command:Invoking command in '/code/build/joy_tester': PYTHONPATH=/code/build/joy_tester/prefix_override:/usr/lib/python3/dist-packages/colcon_core/task/python/colcon_distutils_commands:/code/install/joy_tester/lib/python3.10/site-packages:${PYTHONPATH} /usr/bin/python3 -W ignore:setup.py install is deprecated setup.py develop --editable --build-directory /code/build/joy_tester/build --no-deps symlink_data
[22.549s] DEBUG:colcon.colcon_parallel_executor.executor.parallel:run_until_complete was interrupted
[22.550s] DEBUG:colcon.colcon_parallel_executor.executor.parallel:run_until_complete again
[22.957s] DEBUG:colcon.colcon_core.event_handler.log_command:Invoked command in '/code/build/joy_tester' returned '1': PYTHONPATH=/code/build/joy_tester/prefix_override:/usr/lib/python3/dist-packages/colcon_core/task/python/colcon_distutils_commands:/code/install/joy_tester/lib/python3.10/site-packages:${PYTHONPATH} /usr/bin/python3 -W ignore:setup.py install is deprecated setup.py develop --editable --build-directory /code/build/joy_tester/build --no-deps symlink_data
[22.964s] DEBUG:colcon.colcon_parallel_executor.executor.parallel:run_until_complete finished
[22.965s] DEBUG:colcon.colcon_parallel_executor.executor.parallel:closing loop
[22.967s] DEBUG:colcon.colcon_parallel_executor.executor.parallel:loop closed
[22.969s] DEBUG:colcon.colcon_core.event_reactor:joining thread
[23.121s] INFO:colcon.colcon_core.plugin_system:Skipping extension 'colcon_notification.desktop_notification.notify_send': Could not find 'notify-send'
[23.125s] INFO:colcon.colcon_core.plugin_system:Skipping extension 'colcon_notification.desktop_notification.terminal_notifier': Not used on non-Darwin systems
[23.127s] INFO:colcon.colcon_core.plugin_system:Skipping extension 'colcon_notification.desktop_notification.win32': Not used on non-Windows systems
[23.128s] INFO:colcon.colcon_notification.desktop_notification:Sending desktop notification using 'notify2'
[23.142s] DEBUG:colcon.colcon_notification.desktop_notification.notify2:Failed to initialize notify2: org.freedesktop.DBus.Error.Spawn.ExecFailed: /usr/bin/dbus-launch terminated abnormally without any error message
[23.145s] DEBUG:colcon.colcon_core.event_reactor:joined thread
[23.152s] INFO:colcon.colcon_core.shell:Creating prefix script '/code/install/local_setup.ps1'
[23.165s] INFO:colcon.colcon_core.shell:Creating prefix util module '/code/install/_local_setup_util_ps1.py'
[23.197s] INFO:colcon.colcon_core.shell:Creating prefix chain script '/code/install/setup.ps1'
[23.206s] INFO:colcon.colcon_core.shell:Creating prefix script '/code/install/local_setup.sh'
[23.223s] INFO:colcon.colcon_core.shell:Creating prefix util module '/code/install/_local_setup_util_sh.py'
[23.233s] INFO:colcon.colcon_core.shell:Creating prefix chain script '/code/install/setup.sh'
[23.242s] INFO:colcon.colcon_core.shell:Creating prefix script '/code/install/local_setup.bash'
[23.248s] INFO:colcon.colcon_core.shell:Creating prefix chain script '/code/install/setup.bash'
[23.262s] INFO:colcon.colcon_core.shell:Creating prefix script '/code/install/local_setup.zsh'
[23.266s] INFO:colcon.colcon_core.shell:Creating prefix chain script '/code/install/setup.zsh'
