[1.450s] DEBUG:colcon:Command line arguments: ['/usr/bin/colcon', 'build', '--symlink-install']
[1.450s] DEBUG:colcon:Parsed command line arguments: Namespace(log_base=None, log_level=None, verb_name='build', build_base='build', install_base='install', merge_install=False, symlink_install=True, test_result_base=None, continue_on_error=False, executor='parallel', parallel_workers=8, event_handlers=None, ignore_user_meta=False, metas=['./colcon.meta'], base_paths=['.'], packages_ignore=None, packages_ignore_regex=None, paths=None, packages_up_to=None, packages_up_to_regex=None, packages_above=None, packages_above_and_dependencies=None, packages_above_depth=None, packages_select_by_dep=None, packages_skip_by_dep=None, packages_skip_up_to=None, packages_select_build_failed=False, packages_skip_build_finished=False, packages_select_test_failures=False, packages_skip_test_passed=False, packages_select=None, packages_skip=None, packages_select_regex=None, packages_skip_regex=None, packages_start=None, packages_end=None, cmake_args=None, cmake_target=None, cmake_target_skip_unavailable=False, cmake_clean_cache=False, cmake_clean_first=False, cmake_force_configure=False, ament_cmake_args=None, catkin_cmake_args=None, catkin_skip_building_tests=False, mixin_files=None, mixin=None, verb_parser=<colcon_mixin.mixin.mixin_argument.MixinArgumentDecorator object at 0x7ba038c0c940>, verb_extension=<colcon_core.verb.build.BuildVerb object at 0x7ba038bdbeb0>, main=<bound method BuildVerb.main of <colcon_core.verb.build.BuildVerb object at 0x7ba038bdbeb0>>, mixin_verb=('build',))
[2.804s] Level 1:colcon.colcon_core.package_discovery:discover_packages(colcon_meta) check parameters
[2.804s] Level 1:colcon.colcon_core.package_discovery:discover_packages(recursive) check parameters
[2.804s] Level 1:colcon.colcon_core.package_discovery:discover_packages(ignore) check parameters
[2.804s] Level 1:colcon.colcon_core.package_discovery:discover_packages(path) check parameters
[2.804s] Level 1:colcon.colcon_core.package_discovery:discover_packages(colcon_meta) discover
[2.805s] Level 1:colcon.colcon_core.package_discovery:discover_packages(recursive) discover
[2.805s] INFO:colcon.colcon_core.package_discovery:Crawling recursively for packages in '/code'
[2.805s] Level 1:colcon.colcon_core.package_identification:_identify(.) by extensions ['ignore', 'ignore_ament_install']
[2.805s] Level 1:colcon.colcon_core.package_identification:_identify(.) by extension 'ignore'
[2.805s] Level 1:colcon.colcon_core.package_identification:_identify(.) by extension 'ignore_ament_install'
[2.805s] Level 1:colcon.colcon_core.package_identification:_identify(.) by extensions ['colcon_pkg']
[2.805s] Level 1:colcon.colcon_core.package_identification:_identify(.) by extension 'colcon_pkg'
[2.805s] Level 1:colcon.colcon_core.package_identification:_identify(.) by extensions ['colcon_meta']
[2.805s] Level 1:colcon.colcon_core.package_identification:_identify(.) by extension 'colcon_meta'
[2.805s] Level 1:colcon.colcon_core.package_identification:_identify(.) by extensions ['ros']
[2.805s] Level 1:colcon.colcon_core.package_identification:_identify(.) by extension 'ros'
[2.898s] Level 1:colcon.colcon_core.package_identification:_identify(.) by extensions ['cmake', 'python']
[2.898s] Level 1:colcon.colcon_core.package_identification:_identify(.) by extension 'cmake'
[2.898s] Level 1:colcon.colcon_core.package_identification:_identify(.) by extension 'python'
[2.898s] Level 1:colcon.colcon_core.package_identification:_identify(.) by extensions ['python_setup_py']
[2.898s] Level 1:colcon.colcon_core.package_identification:_identify(.) by extension 'python_setup_py'
[2.899s] Level 1:colcon.colcon_core.package_identification:_identify(build) by extensions ['ignore', 'ignore_ament_install']
[2.899s] Level 1:colcon.colcon_core.package_identification:_identify(build) by extension 'ignore'
[2.899s] Level 1:colcon.colcon_core.package_identification:_identify(build) ignored
[2.899s] Level 1:colcon.colcon_core.package_identification:_identify(docker) by extensions ['ignore', 'ignore_ament_install']
[2.900s] Level 1:colcon.colcon_core.package_identification:_identify(docker) by extension 'ignore'
[2.900s] Level 1:colcon.colcon_core.package_identification:_identify(docker) by extension 'ignore_ament_install'
[2.900s] Level 1:colcon.colcon_core.package_identification:_identify(docker) by extensions ['colcon_pkg']
[2.900s] Level 1:colcon.colcon_core.package_identification:_identify(docker) by extension 'colcon_pkg'
[2.900s] Level 1:colcon.colcon_core.package_identification:_identify(docker) by extensions ['colcon_meta']
[2.900s] Level 1:colcon.colcon_core.package_identification:_identify(docker) by extension 'colcon_meta'
[2.901s] Level 1:colcon.colcon_core.package_identification:_identify(docker) by extensions ['ros']
[2.901s] Level 1:colcon.colcon_core.package_identification:_identify(docker) by extension 'ros'
[2.901s] Level 1:colcon.colcon_core.package_identification:_identify(docker) by extensions ['cmake', 'python']
[2.901s] Level 1:colcon.colcon_core.package_identification:_identify(docker) by extension 'cmake'
[2.901s] Level 1:colcon.colcon_core.package_identification:_identify(docker) by extension 'python'
[2.902s] Level 1:colcon.colcon_core.package_identification:_identify(docker) by extensions ['python_setup_py']
[2.902s] Level 1:colcon.colcon_core.package_identification:_identify(docker) by extension 'python_setup_py'
[2.921s] Level 1:colcon.colcon_core.package_identification:_identify(install) by extensions ['ignore', 'ignore_ament_install']
[2.922s] Level 1:colcon.colcon_core.package_identification:_identify(install) by extension 'ignore'
[2.922s] Level 1:colcon.colcon_core.package_identification:_identify(install) ignored
[2.922s] Level 1:colcon.colcon_core.package_identification:_identify(joy_tester) by extensions ['ignore', 'ignore_ament_install']
[2.922s] Level 1:colcon.colcon_core.package_identification:_identify(joy_tester) by extension 'ignore'
[2.922s] Level 1:colcon.colcon_core.package_identification:_identify(joy_tester) by extension 'ignore_ament_install'
[2.922s] Level 1:colcon.colcon_core.package_identification:_identify(joy_tester) by extensions ['colcon_pkg']
[2.922s] Level 1:colcon.colcon_core.package_identification:_identify(joy_tester) by extension 'colcon_pkg'
[2.923s] Level 1:colcon.colcon_core.package_identification:_identify(joy_tester) by extensions ['colcon_meta']
[2.923s] Level 1:colcon.colcon_core.package_identification:_identify(joy_tester) by extension 'colcon_meta'
[2.923s] Level 1:colcon.colcon_core.package_identification:_identify(joy_tester) by extensions ['ros']
[2.923s] Level 1:colcon.colcon_core.package_identification:_identify(joy_tester) by extension 'ros'
[2.928s] DEBUG:colcon.colcon_core.package_identification:Package 'joy_tester' with type 'ros.ament_python' and name 'joy_tester'
[2.928s] Level 1:colcon.colcon_core.package_identification:_identify(log) by extensions ['ignore', 'ignore_ament_install']
[2.928s] Level 1:colcon.colcon_core.package_identification:_identify(log) by extension 'ignore'
[2.928s] Level 1:colcon.colcon_core.package_identification:_identify(log) ignored
[2.928s] Level 1:colcon.colcon_core.package_identification:_identify(src) by extensions ['ignore', 'ignore_ament_install']
[2.929s] Level 1:colcon.colcon_core.package_identification:_identify(src) by extension 'ignore'
[2.929s] Level 1:colcon.colcon_core.package_identification:_identify(src) by extension 'ignore_ament_install'
[2.929s] Level 1:colcon.colcon_core.package_identification:_identify(src) by extensions ['colcon_pkg']
[2.929s] Level 1:colcon.colcon_core.package_identification:_identify(src) by extension 'colcon_pkg'
[2.929s] Level 1:colcon.colcon_core.package_identification:_identify(src) by extensions ['colcon_meta']
[2.929s] Level 1:colcon.colcon_core.package_identification:_identify(src) by extension 'colcon_meta'
[2.929s] Level 1:colcon.colcon_core.package_identification:_identify(src) by extensions ['ros']
[2.929s] Level 1:colcon.colcon_core.package_identification:_identify(src) by extension 'ros'
[2.929s] Level 1:colcon.colcon_core.package_identification:_identify(src) by extensions ['cmake', 'python']
[2.929s] Level 1:colcon.colcon_core.package_identification:_identify(src) by extension 'cmake'
[2.929s] Level 1:colcon.colcon_core.package_identification:_identify(src) by extension 'python'
[2.929s] Level 1:colcon.colcon_core.package_identification:_identify(src) by extensions ['python_setup_py']
[2.929s] Level 1:colcon.colcon_core.package_identification:_identify(src) by extension 'python_setup_py'
[2.930s] Level 1:colcon.colcon_core.package_identification:_identify(src/articubot_one) by extensions ['ignore', 'ignore_ament_install']
[2.930s] Level 1:colcon.colcon_core.package_identification:_identify(src/articubot_one) by extension 'ignore'
[2.930s] Level 1:colcon.colcon_core.package_identification:_identify(src/articubot_one) by extension 'ignore_ament_install'
[2.930s] Level 1:colcon.colcon_core.package_identification:_identify(src/articubot_one) by extensions ['colcon_pkg']
[2.930s] Level 1:colcon.colcon_core.package_identification:_identify(src/articubot_one) by extension 'colcon_pkg'
[2.930s] Level 1:colcon.colcon_core.package_identification:_identify(src/articubot_one) by extensions ['colcon_meta']
[2.930s] Level 1:colcon.colcon_core.package_identification:_identify(src/articubot_one) by extension 'colcon_meta'
[2.930s] Level 1:colcon.colcon_core.package_identification:_identify(src/articubot_one) by extensions ['ros']
[2.930s] Level 1:colcon.colcon_core.package_identification:_identify(src/articubot_one) by extension 'ros'
[2.952s] DEBUG:colcon.colcon_core.package_identification:Package 'src/articubot_one' with type 'ros.ament_cmake' and name 'articubot_one'
[2.952s] Level 1:colcon.colcon_core.package_discovery:discover_packages(recursive) using defaults
[2.952s] Level 1:colcon.colcon_core.package_discovery:discover_packages(ignore) discover
[2.953s] Level 1:colcon.colcon_core.package_discovery:discover_packages(ignore) using defaults
[2.953s] Level 1:colcon.colcon_core.package_discovery:discover_packages(path) discover
[2.953s] Level 1:colcon.colcon_core.package_discovery:discover_packages(path) using defaults
[3.049s] Level 5:colcon.colcon_core.verb:set package 'articubot_one' build argument 'cmake_args' from command line to 'None'
[3.049s] Level 5:colcon.colcon_core.verb:set package 'articubot_one' build argument 'cmake_target' from command line to 'None'
[3.049s] Level 5:colcon.colcon_core.verb:set package 'articubot_one' build argument 'cmake_target_skip_unavailable' from command line to 'False'
[3.049s] Level 5:colcon.colcon_core.verb:set package 'articubot_one' build argument 'cmake_clean_cache' from command line to 'False'
[3.050s] Level 5:colcon.colcon_core.verb:set package 'articubot_one' build argument 'cmake_clean_first' from command line to 'False'
[3.050s] Level 5:colcon.colcon_core.verb:set package 'articubot_one' build argument 'cmake_force_configure' from command line to 'False'
[3.050s] Level 5:colcon.colcon_core.verb:set package 'articubot_one' build argument 'ament_cmake_args' from command line to 'None'
[3.050s] Level 5:colcon.colcon_core.verb:set package 'articubot_one' build argument 'catkin_cmake_args' from command line to 'None'
[3.050s] Level 5:colcon.colcon_core.verb:set package 'articubot_one' build argument 'catkin_skip_building_tests' from command line to 'False'
[3.050s] DEBUG:colcon.colcon_core.verb:Building package 'articubot_one' with the following arguments: {'ament_cmake_args': None, 'build_base': '/code/build/articubot_one', 'catkin_cmake_args': None, 'catkin_skip_building_tests': False, 'cmake_args': None, 'cmake_clean_cache': False, 'cmake_clean_first': False, 'cmake_force_configure': False, 'cmake_target': None, 'cmake_target_skip_unavailable': False, 'install_base': '/code/install/articubot_one', 'merge_install': False, 'path': '/code/src/articubot_one', 'symlink_install': True, 'test_result_base': None}
[3.050s] Level 5:colcon.colcon_core.verb:set package 'joy_tester' build argument 'cmake_args' from command line to 'None'
[3.050s] Level 5:colcon.colcon_core.verb:set package 'joy_tester' build argument 'cmake_target' from command line to 'None'
[3.050s] Level 5:colcon.colcon_core.verb:set package 'joy_tester' build argument 'cmake_target_skip_unavailable' from command line to 'False'
[3.050s] Level 5:colcon.colcon_core.verb:set package 'joy_tester' build argument 'cmake_clean_cache' from command line to 'False'
[3.050s] Level 5:colcon.colcon_core.verb:set package 'joy_tester' build argument 'cmake_clean_first' from command line to 'False'
[3.050s] Level 5:colcon.colcon_core.verb:set package 'joy_tester' build argument 'cmake_force_configure' from command line to 'False'
[3.051s] Level 5:colcon.colcon_core.verb:set package 'joy_tester' build argument 'ament_cmake_args' from command line to 'None'
[3.051s] Level 5:colcon.colcon_core.verb:set package 'joy_tester' build argument 'catkin_cmake_args' from command line to 'None'
[3.051s] Level 5:colcon.colcon_core.verb:set package 'joy_tester' build argument 'catkin_skip_building_tests' from command line to 'False'
[3.051s] DEBUG:colcon.colcon_core.verb:Building package 'joy_tester' with the following arguments: {'ament_cmake_args': None, 'build_base': '/code/build/joy_tester', 'catkin_cmake_args': None, 'catkin_skip_building_tests': False, 'cmake_args': None, 'cmake_clean_cache': False, 'cmake_clean_first': False, 'cmake_force_configure': False, 'cmake_target': None, 'cmake_target_skip_unavailable': False, 'install_base': '/code/install/joy_tester', 'merge_install': False, 'path': '/code/joy_tester', 'symlink_install': True, 'test_result_base': None}
[3.051s] INFO:colcon.colcon_core.executor:Executing jobs using 'parallel' executor
[3.052s] DEBUG:colcon.colcon_parallel_executor.executor.parallel:run_until_complete
[3.052s] INFO:colcon.colcon_ros.task.ament_cmake.build:Building ROS package in '/code/src/articubot_one' with build type 'ament_cmake'
[3.052s] INFO:colcon.colcon_cmake.task.cmake.build:Building CMake package in '/code/src/articubot_one'
[3.056s] INFO:colcon.colcon_core.plugin_system:Skipping extension 'colcon_core.shell.bat': Not used on non-Windows systems
[3.056s] INFO:colcon.colcon_core.shell:Skip shell extension 'powershell' for command environment: Not usable outside of PowerShell
[3.056s] DEBUG:colcon.colcon_core.shell:Skip shell extension 'dsv' for command environment
[3.169s] INFO:colcon.colcon_ros.task.ament_python.build:Building ROS package in '/code/joy_tester' with build type 'ament_python'
[3.170s] Level 1:colcon.colcon_core.shell:create_environment_hook('joy_tester', 'ament_prefix_path')
[3.172s] INFO:colcon.colcon_core.shell:Creating environment hook '/code/install/joy_tester/share/joy_tester/hook/ament_prefix_path.ps1'
[3.176s] INFO:colcon.colcon_core.shell:Creating environment descriptor '/code/install/joy_tester/share/joy_tester/hook/ament_prefix_path.dsv'
[3.178s] INFO:colcon.colcon_core.shell:Creating environment hook '/code/install/joy_tester/share/joy_tester/hook/ament_prefix_path.sh'
[3.182s] INFO:colcon.colcon_core.shell:Skip shell extension 'powershell' for command environment: Not usable outside of PowerShell
[3.183s] DEBUG:colcon.colcon_core.shell:Skip shell extension 'dsv' for command environment
[3.230s] DEBUG:colcon.colcon_core.event_handler.log_command:Invoking command in '/code/build/articubot_one': CMAKE_PREFIX_PATH=${CMAKE_PREFIX_PATH}:/opt/ros/iron /usr/bin/cmake --build /code/build/articubot_one -- -j8 -l8
[3.534s] INFO:colcon.colcon_core.task.python.build:Building Python package in '/code/joy_tester'
[3.534s] INFO:colcon.colcon_core.shell:Skip shell extension 'powershell' for command environment: Not usable outside of PowerShell
[3.534s] DEBUG:colcon.colcon_core.shell:Skip shell extension 'dsv' for command environment
[4.079s] DEBUG:colcon.colcon_core.event_handler.log_command:Invoked command in '/code/build/articubot_one' returned '0': CMAKE_PREFIX_PATH=${CMAKE_PREFIX_PATH}:/opt/ros/iron /usr/bin/cmake --build /code/build/articubot_one -- -j8 -l8
[4.110s] DEBUG:colcon.colcon_core.event_handler.log_command:Invoking command in '/code/build/articubot_one': CMAKE_PREFIX_PATH=${CMAKE_PREFIX_PATH}:/opt/ros/iron /usr/bin/cmake --install /code/build/articubot_one
[4.259s] Level 1:colcon.colcon_core.environment:create_environment_scripts_only(articubot_one)
[4.260s] DEBUG:colcon.colcon_core.event_handler.log_command:Invoked command in '/code/build/articubot_one' returned '0': CMAKE_PREFIX_PATH=${CMAKE_PREFIX_PATH}:/opt/ros/iron /usr/bin/cmake --install /code/build/articubot_one
[4.266s] Level 1:colcon.colcon_core.environment:checking '/code/install/articubot_one' for CMake module files
[4.279s] Level 1:colcon.colcon_core.environment:checking '/code/install/articubot_one' for CMake config files
[4.323s] Level 1:colcon.colcon_core.shell:create_environment_hook('articubot_one', 'cmake_prefix_path')
[4.324s] INFO:colcon.colcon_core.shell:Creating environment hook '/code/install/articubot_one/share/articubot_one/hook/cmake_prefix_path.ps1'
[4.326s] INFO:colcon.colcon_core.shell:Creating environment descriptor '/code/install/articubot_one/share/articubot_one/hook/cmake_prefix_path.dsv'
[4.327s] INFO:colcon.colcon_core.shell:Creating environment hook '/code/install/articubot_one/share/articubot_one/hook/cmake_prefix_path.sh'
[4.330s] Level 1:colcon.colcon_core.environment:checking '/code/install/articubot_one/bin'
[4.330s] Level 1:colcon.colcon_core.environment:checking '/code/install/articubot_one/lib/pkgconfig/articubot_one.pc'
[4.331s] Level 1:colcon.colcon_core.environment:checking '/code/install/articubot_one/lib/python3.10/site-packages'
[4.332s] Level 1:colcon.colcon_core.environment:checking '/code/install/articubot_one/bin'
[4.333s] INFO:colcon.colcon_core.shell:Creating package script '/code/install/articubot_one/share/articubot_one/package.ps1'
[4.336s] INFO:colcon.colcon_core.shell:Creating package descriptor '/code/install/articubot_one/share/articubot_one/package.dsv'
[4.338s] INFO:colcon.colcon_core.shell:Creating package script '/code/install/articubot_one/share/articubot_one/package.sh'
[4.363s] INFO:colcon.colcon_core.shell:Creating package script '/code/install/articubot_one/share/articubot_one/package.bash'
[4.364s] INFO:colcon.colcon_core.shell:Creating package script '/code/install/articubot_one/share/articubot_one/package.zsh'
[4.365s] Level 1:colcon.colcon_core.environment:create_file_with_runtime_dependencies(/code/install/articubot_one/share/colcon-core/packages/articubot_one)
[4.395s] Level 1:colcon.colcon_core.environment:create_environment_scripts_only(articubot_one)
[4.396s] Level 1:colcon.colcon_core.environment:checking '/code/install/articubot_one' for CMake module files
[4.396s] Level 1:colcon.colcon_core.environment:checking '/code/install/articubot_one' for CMake config files
[4.397s] Level 1:colcon.colcon_core.shell:create_environment_hook('articubot_one', 'cmake_prefix_path')
[4.397s] INFO:colcon.colcon_core.shell:Creating environment hook '/code/install/articubot_one/share/articubot_one/hook/cmake_prefix_path.ps1'
[4.398s] INFO:colcon.colcon_core.shell:Creating environment descriptor '/code/install/articubot_one/share/articubot_one/hook/cmake_prefix_path.dsv'
[4.398s] INFO:colcon.colcon_core.shell:Creating environment hook '/code/install/articubot_one/share/articubot_one/hook/cmake_prefix_path.sh'
[4.399s] Level 1:colcon.colcon_core.environment:checking '/code/install/articubot_one/bin'
[4.399s] Level 1:colcon.colcon_core.environment:checking '/code/install/articubot_one/lib/pkgconfig/articubot_one.pc'
[4.400s] Level 1:colcon.colcon_core.environment:checking '/code/install/articubot_one/lib/python3.10/site-packages'
[4.400s] Level 1:colcon.colcon_core.environment:checking '/code/install/articubot_one/bin'
[4.401s] INFO:colcon.colcon_core.shell:Creating package script '/code/install/articubot_one/share/articubot_one/package.ps1'
[4.401s] INFO:colcon.colcon_core.shell:Creating package descriptor '/code/install/articubot_one/share/articubot_one/package.dsv'
[4.419s] INFO:colcon.colcon_core.shell:Creating package script '/code/install/articubot_one/share/articubot_one/package.sh'
[4.421s] INFO:colcon.colcon_core.shell:Creating package script '/code/install/articubot_one/share/articubot_one/package.bash'
[4.423s] INFO:colcon.colcon_core.shell:Creating package script '/code/install/articubot_one/share/articubot_one/package.zsh'
[4.425s] Level 1:colcon.colcon_core.environment:create_file_with_runtime_dependencies(/code/install/articubot_one/share/colcon-core/packages/articubot_one)
[5.196s] DEBUG:colcon.colcon_core.event_handler.log_command:Invoking command in '/code/build/joy_tester': PYTHONPATH=/code/build/joy_tester/prefix_override:/usr/lib/python3/dist-packages/colcon_core/task/python/colcon_distutils_commands:/code/install/joy_tester/lib/python3.10/site-packages:${PYTHONPATH} /usr/bin/python3 -W ignore:setup.py install is deprecated setup.py develop --editable --build-directory /code/build/joy_tester/build --no-deps symlink_data
[5.629s] Level 1:colcon.colcon_core.shell:create_environment_hook('joy_tester', 'pythonpath_develop')
[5.629s] INFO:colcon.colcon_core.shell:Creating environment hook '/code/build/joy_tester/share/joy_tester/hook/pythonpath_develop.ps1'
[5.630s] DEBUG:colcon.colcon_core.event_handler.log_command:Invoked command in '/code/build/joy_tester' returned '0': PYTHONPATH=/code/build/joy_tester/prefix_override:/usr/lib/python3/dist-packages/colcon_core/task/python/colcon_distutils_commands:/code/install/joy_tester/lib/python3.10/site-packages:${PYTHONPATH} /usr/bin/python3 -W ignore:setup.py install is deprecated setup.py develop --editable --build-directory /code/build/joy_tester/build --no-deps symlink_data
[5.630s] INFO:colcon.colcon_core.shell:Creating environment descriptor '/code/build/joy_tester/share/joy_tester/hook/pythonpath_develop.dsv'
[5.630s] INFO:colcon.colcon_core.shell:Creating environment hook '/code/build/joy_tester/share/joy_tester/hook/pythonpath_develop.sh'
[5.631s] Level 1:colcon.colcon_core.environment:checking '/code/install/joy_tester' for CMake module files
[5.631s] Level 1:colcon.colcon_core.environment:checking '/code/install/joy_tester' for CMake config files
[5.632s] Level 1:colcon.colcon_core.environment:checking '/code/install/joy_tester/lib'
[5.632s] Level 1:colcon.colcon_core.environment:checking '/code/install/joy_tester/bin'
[5.632s] Level 1:colcon.colcon_core.environment:checking '/code/install/joy_tester/lib/pkgconfig/joy_tester.pc'
[5.632s] Level 1:colcon.colcon_core.environment:checking '/code/install/joy_tester/lib/python3.10/site-packages'
[5.632s] Level 1:colcon.colcon_core.shell:create_environment_hook('joy_tester', 'pythonpath')
[5.633s] INFO:colcon.colcon_core.shell:Creating environment hook '/code/install/joy_tester/share/joy_tester/hook/pythonpath.ps1'
[5.633s] INFO:colcon.colcon_core.shell:Creating environment descriptor '/code/install/joy_tester/share/joy_tester/hook/pythonpath.dsv'
[5.633s] INFO:colcon.colcon_core.shell:Creating environment hook '/code/install/joy_tester/share/joy_tester/hook/pythonpath.sh'
[5.634s] Level 1:colcon.colcon_core.environment:checking '/code/install/joy_tester/bin'
[5.634s] Level 1:colcon.colcon_core.environment:create_environment_scripts_only(joy_tester)
[5.634s] INFO:colcon.colcon_core.shell:Creating package script '/code/install/joy_tester/share/joy_tester/package.ps1'
[5.635s] INFO:colcon.colcon_core.shell:Creating package descriptor '/code/install/joy_tester/share/joy_tester/package.dsv'
[5.635s] INFO:colcon.colcon_core.shell:Creating package script '/code/install/joy_tester/share/joy_tester/package.sh'
[5.636s] INFO:colcon.colcon_core.shell:Creating package script '/code/install/joy_tester/share/joy_tester/package.bash'
[5.636s] INFO:colcon.colcon_core.shell:Creating package script '/code/install/joy_tester/share/joy_tester/package.zsh'
[5.636s] Level 1:colcon.colcon_core.environment:create_file_with_runtime_dependencies(/code/install/joy_tester/share/colcon-core/packages/joy_tester)
[5.637s] DEBUG:colcon.colcon_parallel_executor.executor.parallel:closing loop
[5.637s] DEBUG:colcon.colcon_parallel_executor.executor.parallel:loop closed
[5.637s] DEBUG:colcon.colcon_parallel_executor.executor.parallel:run_until_complete finished with '0'
[5.637s] DEBUG:colcon.colcon_core.event_reactor:joining thread
[5.756s] INFO:colcon.colcon_core.plugin_system:Skipping extension 'colcon_notification.desktop_notification.notify_send': Could not find 'notify-send'
[5.757s] INFO:colcon.colcon_core.plugin_system:Skipping extension 'colcon_notification.desktop_notification.terminal_notifier': Not used on non-Darwin systems
[5.757s] INFO:colcon.colcon_core.plugin_system:Skipping extension 'colcon_notification.desktop_notification.win32': Not used on non-Windows systems
[5.757s] INFO:colcon.colcon_notification.desktop_notification:Sending desktop notification using 'notify2'
[5.761s] DEBUG:colcon.colcon_notification.desktop_notification.notify2:Failed to initialize notify2: org.freedesktop.DBus.Error.Spawn.ExecFailed: /usr/bin/dbus-launch terminated abnormally without any error message
[5.762s] DEBUG:colcon.colcon_core.event_reactor:joined thread
[5.763s] INFO:colcon.colcon_core.shell:Creating prefix script '/code/install/local_setup.ps1'
[5.765s] INFO:colcon.colcon_core.shell:Creating prefix util module '/code/install/_local_setup_util_ps1.py'
[5.768s] INFO:colcon.colcon_core.shell:Creating prefix chain script '/code/install/setup.ps1'
[5.770s] INFO:colcon.colcon_core.shell:Creating prefix script '/code/install/local_setup.sh'
[5.771s] INFO:colcon.colcon_core.shell:Creating prefix util module '/code/install/_local_setup_util_sh.py'
[5.773s] INFO:colcon.colcon_core.shell:Creating prefix chain script '/code/install/setup.sh'
[5.775s] INFO:colcon.colcon_core.shell:Creating prefix script '/code/install/local_setup.bash'
[5.776s] INFO:colcon.colcon_core.shell:Creating prefix chain script '/code/install/setup.bash'
[5.778s] INFO:colcon.colcon_core.shell:Creating prefix script '/code/install/local_setup.zsh'
[5.779s] INFO:colcon.colcon_core.shell:Creating prefix chain script '/code/install/setup.zsh'
