[0.050s] Invoking command in '/code/build/articubot_one': CMAKE_PREFIX_PATH=${CMAKE_PREFIX_PATH}:/opt/ros/iron /usr/bin/cmake --build /code/build/articubot_one -- -j8 -l8
[0.195s] Invoked command in '/code/build/articubot_one' returned '0': CMAKE_PREFIX_PATH=${CMAKE_PREFIX_PATH}:/opt/ros/iron /usr/bin/cmake --build /code/build/articubot_one -- -j8 -l8
[0.304s] Invoking command in '/code/build/articubot_one': CMAKE_PREFIX_PATH=${CMAKE_PREFIX_PATH}:/opt/ros/iron /usr/bin/cmake --install /code/build/articubot_one
[0.334s] -- Install configuration: ""
[0.336s] -- Execute custom install script
[0.338s] -- Up-to-date symlink: /code/install/articubot_one/share/articubot_one/config/empty.yaml
[0.339s] -- Symlinking: /code/install/articubot_one/share/articubot_one/description/inertial_macros.xacro
[0.369s] -- Up-to-date symlink: /code/install/articubot_one/share/articubot_one/description/robot.urdf.xacro
[0.370s] -- Symlinking: /code/install/articubot_one/share/articubot_one/description/robot_core.xacro
[0.398s] -- Up-to-date symlink: /code/install/articubot_one/share/articubot_one/launch/rsp.launch.py
[0.399s] -- Up-to-date symlink: /code/install/articubot_one/share/articubot_one/worlds/empty.world
[0.400s] -- Up-to-date symlink: /code/install/articubot_one/share/ament_index/resource_index/package_run_dependencies/articubot_one
[0.400s] -- Up-to-date symlink: /code/install/articubot_one/share/ament_index/resource_index/parent_prefix_path/articubot_one
[0.401s] -- Up-to-date symlink: /code/install/articubot_one/share/articubot_one/environment/ament_prefix_path.sh
[0.401s] -- Up-to-date symlink: /code/install/articubot_one/share/articubot_one/environment/ament_prefix_path.dsv
[0.402s] -- Up-to-date symlink: /code/install/articubot_one/share/articubot_one/environment/path.sh
[0.403s] -- Up-to-date symlink: /code/install/articubot_one/share/articubot_one/environment/path.dsv
[0.403s] -- Up-to-date symlink: /code/install/articubot_one/share/articubot_one/local_setup.bash
[0.404s] -- Up-to-date symlink: /code/install/articubot_one/share/articubot_one/local_setup.sh
[0.405s] -- Up-to-date symlink: /code/install/articubot_one/share/articubot_one/local_setup.zsh
[0.405s] -- Up-to-date symlink: /code/install/articubot_one/share/articubot_one/local_setup.dsv
[0.406s] -- Symlinking: /code/install/articubot_one/share/articubot_one/package.dsv
[0.438s] -- Up-to-date symlink: /code/install/articubot_one/share/ament_index/resource_index/packages/articubot_one
[0.439s] -- Up-to-date symlink: /code/install/articubot_one/share/articubot_one/cmake/articubot_oneConfig.cmake
[0.439s] -- Up-to-date symlink: /code/install/articubot_one/share/articubot_one/cmake/articubot_oneConfig-version.cmake
[0.439s] -- Up-to-date symlink: /code/install/articubot_one/share/articubot_one/package.xml
[0.445s] Invoked command in '/code/build/articubot_one' returned '0': CMAKE_PREFIX_PATH=${CMAKE_PREFIX_PATH}:/opt/ros/iron /usr/bin/cmake --install /code/build/articubot_one
