[0.317s] Invoking command in '/code/build/articubot_one': CMAKE_PREFIX_PATH=${CMAKE_PREFIX_PATH}:/code/install/joy_tester:/opt/ros/iron /usr/bin/cmake --build /code/build/articubot_one -- -j8 -l8
[5.220s] Invoked command in '/code/build/articubot_one' returned '0': CMAKE_PREFIX_PATH=${CMAKE_PREFIX_PATH}:/code/install/joy_tester:/opt/ros/iron /usr/bin/cmake --build /code/build/articubot_one -- -j8 -l8
[5.571s] Invoking command in '/code/build/articubot_one': CMAKE_PREFIX_PATH=${CMAKE_PREFIX_PATH}:/code/install/joy_tester:/opt/ros/iron /usr/bin/cmake --install /code/build/articubot_one
[5.660s] -- Install configuration: ""
[5.678s] -- Execute custom install script
[5.687s] -- Up-to-date symlink: /code/install/articubot_one/share/articubot_one/config/default.rviz
[5.688s] -- Up-to-date symlink: /code/install/articubot_one/share/articubot_one/config/empty.yaml
[5.690s] -- Up-to-date symlink: /code/install/articubot_one/share/articubot_one/config/gazebo_params.yaml
[5.691s] -- Up-to-date symlink: /code/install/articubot_one/share/articubot_one/config/joystick.yaml
[5.693s] -- Up-to-date symlink: /code/install/articubot_one/share/articubot_one/config/mapper_params_online_async.yaml
[5.694s] -- Up-to-date symlink: /code/install/articubot_one/share/articubot_one/config/my_controllers.yaml
[5.695s] -- Up-to-date symlink: /code/install/articubot_one/share/articubot_one/config/nav2_params.yaml
[5.696s] -- Up-to-date symlink: /code/install/articubot_one/share/articubot_one/config/new.rviz
[5.696s] -- Up-to-date symlink: /code/install/articubot_one/share/articubot_one/config/twist_mux.yaml
[5.699s] -- Up-to-date symlink: /code/install/articubot_one/share/articubot_one/description/camera.xacro
[5.712s] -- Up-to-date symlink: /code/install/articubot_one/share/articubot_one/description/face.xacro
[5.723s] -- Up-to-date symlink: /code/install/articubot_one/share/articubot_one/description/gazebo_control.xacro
[5.730s] -- Up-to-date symlink: /code/install/articubot_one/share/articubot_one/description/inertial_macros.xacro
[5.732s] -- Up-to-date symlink: /code/install/articubot_one/share/articubot_one/description/lidar.xacro
[5.736s] -- Up-to-date symlink: /code/install/articubot_one/share/articubot_one/description/robot.urdf.xacro
[5.738s] -- Up-to-date symlink: /code/install/articubot_one/share/articubot_one/description/robot_core.xacro
[5.740s] -- Up-to-date symlink: /code/install/articubot_one/share/articubot_one/description/ros2_control.xacro
[5.741s] -- Up-to-date symlink: /code/install/articubot_one/share/articubot_one/launch/joystick.launch.py
[5.753s] -- Up-to-date symlink: /code/install/articubot_one/share/articubot_one/launch/launch_sim.launch.py
[5.755s] -- Symlinking: /code/install/articubot_one/share/articubot_one/launch/localisation_launch.py
[5.835s] -- Symlinking: /code/install/articubot_one/share/articubot_one/launch/navigation_launch.py
[5.966s] -- Up-to-date symlink: /code/install/articubot_one/share/articubot_one/launch/online_async_launch.py
[5.970s] -- Up-to-date symlink: /code/install/articubot_one/share/articubot_one/launch/rsp.launch.py
[5.976s] -- Up-to-date symlink: /code/install/articubot_one/share/articubot_one/worlds/empty.world
[5.977s] -- Up-to-date symlink: /code/install/articubot_one/share/articubot_one/worlds/obstacles.world
[5.983s] -- Up-to-date symlink: /code/install/articubot_one/share/ament_index/resource_index/package_run_dependencies/articubot_one
[5.985s] -- Up-to-date symlink: /code/install/articubot_one/share/ament_index/resource_index/parent_prefix_path/articubot_one
[5.991s] -- Up-to-date symlink: /code/install/articubot_one/share/articubot_one/environment/ament_prefix_path.sh
[5.992s] -- Up-to-date symlink: /code/install/articubot_one/share/articubot_one/environment/ament_prefix_path.dsv
[5.994s] -- Up-to-date symlink: /code/install/articubot_one/share/articubot_one/environment/path.sh
[5.997s] -- Up-to-date symlink: /code/install/articubot_one/share/articubot_one/environment/path.dsv
[6.003s] -- Up-to-date symlink: /code/install/articubot_one/share/articubot_one/local_setup.bash
[6.007s] -- Up-to-date symlink: /code/install/articubot_one/share/articubot_one/local_setup.sh
[6.012s] -- Up-to-date symlink: /code/install/articubot_one/share/articubot_one/local_setup.zsh
[6.015s] -- Up-to-date symlink: /code/install/articubot_one/share/articubot_one/local_setup.dsv
[6.017s] -- Symlinking: /code/install/articubot_one/share/articubot_one/package.dsv
[6.142s] -- Up-to-date symlink: /code/install/articubot_one/share/ament_index/resource_index/packages/articubot_one
[6.144s] -- Up-to-date symlink: /code/install/articubot_one/share/articubot_one/cmake/articubot_oneConfig.cmake
[6.145s] -- Up-to-date symlink: /code/install/articubot_one/share/articubot_one/cmake/articubot_oneConfig-version.cmake
[6.147s] -- Up-to-date symlink: /code/install/articubot_one/share/articubot_one/package.xml
[6.169s] Invoked command in '/code/build/articubot_one' returned '0': CMAKE_PREFIX_PATH=${CMAKE_PREFIX_PATH}:/code/install/joy_tester:/opt/ros/iron /usr/bin/cmake --install /code/build/articubot_one
