[1.842s] DEBUG:colcon:Command line arguments: ['/usr/bin/colcon', 'build', '--symlink-install']
[1.844s] DEBUG:colcon:Parsed command line arguments: Namespace(log_base=None, log_level=None, verb_name='build', build_base='build', install_base='install', merge_install=False, symlink_install=True, test_result_base=None, continue_on_error=False, executor='parallel', parallel_workers=8, event_handlers=None, ignore_user_meta=False, metas=['./colcon.meta'], base_paths=['.'], packages_ignore=None, packages_ignore_regex=None, paths=None, packages_up_to=None, packages_up_to_regex=None, packages_above=None, packages_above_and_dependencies=None, packages_above_depth=None, packages_select_by_dep=None, packages_skip_by_dep=None, packages_skip_up_to=None, packages_select_build_failed=False, packages_skip_build_finished=False, packages_select_test_failures=False, packages_skip_test_passed=False, packages_select=None, packages_skip=None, packages_select_regex=None, packages_skip_regex=None, packages_start=None, packages_end=None, cmake_args=None, cmake_target=None, cmake_target_skip_unavailable=False, cmake_clean_cache=False, cmake_clean_first=False, cmake_force_configure=False, ament_cmake_args=None, catkin_cmake_args=None, catkin_skip_building_tests=False, mixin_files=None, mixin=None, verb_parser=<colcon_mixin.mixin.mixin_argument.MixinArgumentDecorator object at 0x7fdeb6424eb0>, verb_extension=<colcon_core.verb.build.BuildVerb object at 0x7fdeb6424460>, main=<bound method BuildVerb.main of <colcon_core.verb.build.BuildVerb object at 0x7fdeb6424460>>, mixin_verb=('build',))
[5.846s] Level 1:colcon.colcon_core.package_discovery:discover_packages(colcon_meta) check parameters
[5.848s] Level 1:colcon.colcon_core.package_discovery:discover_packages(recursive) check parameters
[5.849s] Level 1:colcon.colcon_core.package_discovery:discover_packages(ignore) check parameters
[5.849s] Level 1:colcon.colcon_core.package_discovery:discover_packages(path) check parameters
[5.850s] Level 1:colcon.colcon_core.package_discovery:discover_packages(colcon_meta) discover
[5.851s] Level 1:colcon.colcon_core.package_discovery:discover_packages(recursive) discover
[5.852s] INFO:colcon.colcon_core.package_discovery:Crawling recursively for packages in '/code'
[5.853s] Level 1:colcon.colcon_core.package_identification:_identify(.) by extensions ['ignore', 'ignore_ament_install']
[5.854s] Level 1:colcon.colcon_core.package_identification:_identify(.) by extension 'ignore'
[5.855s] Level 1:colcon.colcon_core.package_identification:_identify(.) by extension 'ignore_ament_install'
[5.856s] Level 1:colcon.colcon_core.package_identification:_identify(.) by extensions ['colcon_pkg']
[5.856s] Level 1:colcon.colcon_core.package_identification:_identify(.) by extension 'colcon_pkg'
[5.857s] Level 1:colcon.colcon_core.package_identification:_identify(.) by extensions ['colcon_meta']
[5.857s] Level 1:colcon.colcon_core.package_identification:_identify(.) by extension 'colcon_meta'
[5.858s] Level 1:colcon.colcon_core.package_identification:_identify(.) by extensions ['ros']
[5.858s] Level 1:colcon.colcon_core.package_identification:_identify(.) by extension 'ros'
[6.028s] Level 1:colcon.colcon_core.package_identification:_identify(.) by extensions ['cmake', 'python']
[6.030s] Level 1:colcon.colcon_core.package_identification:_identify(.) by extension 'cmake'
[6.032s] Level 1:colcon.colcon_core.package_identification:_identify(.) by extension 'python'
[6.033s] Level 1:colcon.colcon_core.package_identification:_identify(.) by extensions ['python_setup_py']
[6.034s] Level 1:colcon.colcon_core.package_identification:_identify(.) by extension 'python_setup_py'
[6.035s] Level 1:colcon.colcon_core.package_identification:_identify(build) by extensions ['ignore', 'ignore_ament_install']
[6.037s] Level 1:colcon.colcon_core.package_identification:_identify(build) by extension 'ignore'
[6.038s] Level 1:colcon.colcon_core.package_identification:_identify(build) ignored
[6.040s] Level 1:colcon.colcon_core.package_identification:_identify(docker) by extensions ['ignore', 'ignore_ament_install']
[6.042s] Level 1:colcon.colcon_core.package_identification:_identify(docker) by extension 'ignore'
[6.043s] Level 1:colcon.colcon_core.package_identification:_identify(docker) by extension 'ignore_ament_install'
[6.043s] Level 1:colcon.colcon_core.package_identification:_identify(docker) by extensions ['colcon_pkg']
[6.044s] Level 1:colcon.colcon_core.package_identification:_identify(docker) by extension 'colcon_pkg'
[6.044s] Level 1:colcon.colcon_core.package_identification:_identify(docker) by extensions ['colcon_meta']
[6.044s] Level 1:colcon.colcon_core.package_identification:_identify(docker) by extension 'colcon_meta'
[6.045s] Level 1:colcon.colcon_core.package_identification:_identify(docker) by extensions ['ros']
[6.045s] Level 1:colcon.colcon_core.package_identification:_identify(docker) by extension 'ros'
[6.047s] Level 1:colcon.colcon_core.package_identification:_identify(docker) by extensions ['cmake', 'python']
[6.047s] Level 1:colcon.colcon_core.package_identification:_identify(docker) by extension 'cmake'
[6.048s] Level 1:colcon.colcon_core.package_identification:_identify(docker) by extension 'python'
[6.048s] Level 1:colcon.colcon_core.package_identification:_identify(docker) by extensions ['python_setup_py']
[6.049s] Level 1:colcon.colcon_core.package_identification:_identify(docker) by extension 'python_setup_py'
[6.049s] Level 1:colcon.colcon_core.package_identification:_identify(install) by extensions ['ignore', 'ignore_ament_install']
[6.051s] Level 1:colcon.colcon_core.package_identification:_identify(install) by extension 'ignore'
[6.053s] Level 1:colcon.colcon_core.package_identification:_identify(install) ignored
[6.055s] Level 1:colcon.colcon_core.package_identification:_identify(joy_tester) by extensions ['ignore', 'ignore_ament_install']
[6.057s] Level 1:colcon.colcon_core.package_identification:_identify(joy_tester) by extension 'ignore'
[6.058s] Level 1:colcon.colcon_core.package_identification:_identify(joy_tester) by extension 'ignore_ament_install'
[6.062s] Level 1:colcon.colcon_core.package_identification:_identify(joy_tester) by extensions ['colcon_pkg']
[6.063s] Level 1:colcon.colcon_core.package_identification:_identify(joy_tester) by extension 'colcon_pkg'
[6.065s] Level 1:colcon.colcon_core.package_identification:_identify(joy_tester) by extensions ['colcon_meta']
[6.066s] Level 1:colcon.colcon_core.package_identification:_identify(joy_tester) by extension 'colcon_meta'
[6.067s] Level 1:colcon.colcon_core.package_identification:_identify(joy_tester) by extensions ['ros']
[6.068s] Level 1:colcon.colcon_core.package_identification:_identify(joy_tester) by extension 'ros'
[6.097s] DEBUG:colcon.colcon_core.package_identification:Package 'joy_tester' with type 'ros.ament_python' and name 'joy_tester'
[6.100s] Level 1:colcon.colcon_core.package_identification:_identify(log) by extensions ['ignore', 'ignore_ament_install']
[6.102s] Level 1:colcon.colcon_core.package_identification:_identify(log) by extension 'ignore'
[6.104s] Level 1:colcon.colcon_core.package_identification:_identify(log) ignored
[6.107s] Level 1:colcon.colcon_core.package_identification:_identify(src) by extensions ['ignore', 'ignore_ament_install']
[6.109s] Level 1:colcon.colcon_core.package_identification:_identify(src) by extension 'ignore'
[6.110s] Level 1:colcon.colcon_core.package_identification:_identify(src) by extension 'ignore_ament_install'
[6.112s] Level 1:colcon.colcon_core.package_identification:_identify(src) by extensions ['colcon_pkg']
[6.113s] Level 1:colcon.colcon_core.package_identification:_identify(src) by extension 'colcon_pkg'
[6.114s] Level 1:colcon.colcon_core.package_identification:_identify(src) by extensions ['colcon_meta']
[6.115s] Level 1:colcon.colcon_core.package_identification:_identify(src) by extension 'colcon_meta'
[6.116s] Level 1:colcon.colcon_core.package_identification:_identify(src) by extensions ['ros']
[6.117s] Level 1:colcon.colcon_core.package_identification:_identify(src) by extension 'ros'
[6.118s] Level 1:colcon.colcon_core.package_identification:_identify(src) by extensions ['cmake', 'python']
[6.119s] Level 1:colcon.colcon_core.package_identification:_identify(src) by extension 'cmake'
[6.120s] Level 1:colcon.colcon_core.package_identification:_identify(src) by extension 'python'
[6.121s] Level 1:colcon.colcon_core.package_identification:_identify(src) by extensions ['python_setup_py']
[6.121s] Level 1:colcon.colcon_core.package_identification:_identify(src) by extension 'python_setup_py'
[6.122s] Level 1:colcon.colcon_core.package_identification:_identify(src/articubot_one) by extensions ['ignore', 'ignore_ament_install']
[6.123s] Level 1:colcon.colcon_core.package_identification:_identify(src/articubot_one) by extension 'ignore'
[6.124s] Level 1:colcon.colcon_core.package_identification:_identify(src/articubot_one) by extension 'ignore_ament_install'
[6.124s] Level 1:colcon.colcon_core.package_identification:_identify(src/articubot_one) by extensions ['colcon_pkg']
[6.125s] Level 1:colcon.colcon_core.package_identification:_identify(src/articubot_one) by extension 'colcon_pkg'
[6.125s] Level 1:colcon.colcon_core.package_identification:_identify(src/articubot_one) by extensions ['colcon_meta']
[6.126s] Level 1:colcon.colcon_core.package_identification:_identify(src/articubot_one) by extension 'colcon_meta'
[6.127s] Level 1:colcon.colcon_core.package_identification:_identify(src/articubot_one) by extensions ['ros']
[6.127s] Level 1:colcon.colcon_core.package_identification:_identify(src/articubot_one) by extension 'ros'
[6.136s] DEBUG:colcon.colcon_core.package_identification:Package 'src/articubot_one' with type 'ros.ament_cmake' and name 'articubot_one'
[6.138s] Level 1:colcon.colcon_core.package_discovery:discover_packages(recursive) using defaults
[6.140s] Level 1:colcon.colcon_core.package_discovery:discover_packages(ignore) discover
[6.141s] Level 1:colcon.colcon_core.package_discovery:discover_packages(ignore) using defaults
[6.142s] Level 1:colcon.colcon_core.package_discovery:discover_packages(path) discover
[6.143s] Level 1:colcon.colcon_core.package_discovery:discover_packages(path) using defaults
[6.494s] Level 5:colcon.colcon_core.verb:set package 'articubot_one' build argument 'cmake_args' from command line to 'None'
[6.495s] Level 5:colcon.colcon_core.verb:set package 'articubot_one' build argument 'cmake_target' from command line to 'None'
[6.495s] Level 5:colcon.colcon_core.verb:set package 'articubot_one' build argument 'cmake_target_skip_unavailable' from command line to 'False'
[6.496s] Level 5:colcon.colcon_core.verb:set package 'articubot_one' build argument 'cmake_clean_cache' from command line to 'False'
[6.496s] Level 5:colcon.colcon_core.verb:set package 'articubot_one' build argument 'cmake_clean_first' from command line to 'False'
[6.496s] Level 5:colcon.colcon_core.verb:set package 'articubot_one' build argument 'cmake_force_configure' from command line to 'False'
[6.497s] Level 5:colcon.colcon_core.verb:set package 'articubot_one' build argument 'ament_cmake_args' from command line to 'None'
[6.497s] Level 5:colcon.colcon_core.verb:set package 'articubot_one' build argument 'catkin_cmake_args' from command line to 'None'
[6.497s] Level 5:colcon.colcon_core.verb:set package 'articubot_one' build argument 'catkin_skip_building_tests' from command line to 'False'
[6.498s] DEBUG:colcon.colcon_core.verb:Building package 'articubot_one' with the following arguments: {'ament_cmake_args': None, 'build_base': '/code/build/articubot_one', 'catkin_cmake_args': None, 'catkin_skip_building_tests': False, 'cmake_args': None, 'cmake_clean_cache': False, 'cmake_clean_first': False, 'cmake_force_configure': False, 'cmake_target': None, 'cmake_target_skip_unavailable': False, 'install_base': '/code/install/articubot_one', 'merge_install': False, 'path': '/code/src/articubot_one', 'symlink_install': True, 'test_result_base': None}
[6.502s] Level 5:colcon.colcon_core.verb:set package 'joy_tester' build argument 'cmake_args' from command line to 'None'
[6.503s] Level 5:colcon.colcon_core.verb:set package 'joy_tester' build argument 'cmake_target' from command line to 'None'
[6.504s] Level 5:colcon.colcon_core.verb:set package 'joy_tester' build argument 'cmake_target_skip_unavailable' from command line to 'False'
[6.504s] Level 5:colcon.colcon_core.verb:set package 'joy_tester' build argument 'cmake_clean_cache' from command line to 'False'
[6.504s] Level 5:colcon.colcon_core.verb:set package 'joy_tester' build argument 'cmake_clean_first' from command line to 'False'
[6.504s] Level 5:colcon.colcon_core.verb:set package 'joy_tester' build argument 'cmake_force_configure' from command line to 'False'
[6.505s] Level 5:colcon.colcon_core.verb:set package 'joy_tester' build argument 'ament_cmake_args' from command line to 'None'
[6.505s] Level 5:colcon.colcon_core.verb:set package 'joy_tester' build argument 'catkin_cmake_args' from command line to 'None'
[6.505s] Level 5:colcon.colcon_core.verb:set package 'joy_tester' build argument 'catkin_skip_building_tests' from command line to 'False'
[6.505s] DEBUG:colcon.colcon_core.verb:Building package 'joy_tester' with the following arguments: {'ament_cmake_args': None, 'build_base': '/code/build/joy_tester', 'catkin_cmake_args': None, 'catkin_skip_building_tests': False, 'cmake_args': None, 'cmake_clean_cache': False, 'cmake_clean_first': False, 'cmake_force_configure': False, 'cmake_target': None, 'cmake_target_skip_unavailable': False, 'install_base': '/code/install/joy_tester', 'merge_install': False, 'path': '/code/joy_tester', 'symlink_install': True, 'test_result_base': None}
[6.507s] INFO:colcon.colcon_core.executor:Executing jobs using 'parallel' executor
[6.524s] DEBUG:colcon.colcon_parallel_executor.executor.parallel:run_until_complete
[6.528s] INFO:colcon.colcon_ros.task.ament_cmake.build:Building ROS package in '/code/src/articubot_one' with build type 'ament_cmake'
[6.530s] INFO:colcon.colcon_cmake.task.cmake.build:Building CMake package in '/code/src/articubot_one'
[6.578s] INFO:colcon.colcon_core.plugin_system:Skipping extension 'colcon_core.shell.bat': Not used on non-Windows systems
[6.586s] INFO:colcon.colcon_core.shell:Skip shell extension 'powershell' for command environment: Not usable outside of PowerShell
[6.587s] DEBUG:colcon.colcon_core.shell:Skip shell extension 'dsv' for command environment
[6.689s] INFO:colcon.colcon_ros.task.ament_python.build:Building ROS package in '/code/joy_tester' with build type 'ament_python'
[6.692s] Level 1:colcon.colcon_core.shell:create_environment_hook('joy_tester', 'ament_prefix_path')
[6.701s] INFO:colcon.colcon_core.shell:Creating environment hook '/code/install/joy_tester/share/joy_tester/hook/ament_prefix_path.ps1'
[6.711s] INFO:colcon.colcon_core.shell:Creating environment descriptor '/code/install/joy_tester/share/joy_tester/hook/ament_prefix_path.dsv'
[6.724s] INFO:colcon.colcon_core.shell:Creating environment hook '/code/install/joy_tester/share/joy_tester/hook/ament_prefix_path.sh'
[6.739s] INFO:colcon.colcon_core.shell:Skip shell extension 'powershell' for command environment: Not usable outside of PowerShell
[6.740s] DEBUG:colcon.colcon_core.shell:Skip shell extension 'dsv' for command environment
[6.863s] DEBUG:colcon.colcon_core.event_handler.log_command:Invoking command in '/code/build/articubot_one': CMAKE_PREFIX_PATH=${CMAKE_PREFIX_PATH}:/code/install/joy_tester:/opt/ros/iron /usr/bin/cmake --build /code/build/articubot_one -- -j8 -l8
[11.678s] INFO:colcon.colcon_core.task.python.build:Building Python package in '/code/joy_tester'
[11.684s] INFO:colcon.colcon_core.shell:Skip shell extension 'powershell' for command environment: Not usable outside of PowerShell
[11.686s] DEBUG:colcon.colcon_core.shell:Skip shell extension 'dsv' for command environment
[11.768s] DEBUG:colcon.colcon_core.event_handler.log_command:Invoked command in '/code/build/articubot_one' returned '0': CMAKE_PREFIX_PATH=${CMAKE_PREFIX_PATH}:/code/install/joy_tester:/opt/ros/iron /usr/bin/cmake --build /code/build/articubot_one -- -j8 -l8
[12.117s] DEBUG:colcon.colcon_core.event_handler.log_command:Invoking command in '/code/build/articubot_one': CMAKE_PREFIX_PATH=${CMAKE_PREFIX_PATH}:/code/install/joy_tester:/opt/ros/iron /usr/bin/cmake --install /code/build/articubot_one
[12.711s] Level 1:colcon.colcon_core.environment:create_environment_scripts_only(articubot_one)
[12.716s] DEBUG:colcon.colcon_core.event_handler.log_command:Invoked command in '/code/build/articubot_one' returned '0': CMAKE_PREFIX_PATH=${CMAKE_PREFIX_PATH}:/code/install/joy_tester:/opt/ros/iron /usr/bin/cmake --install /code/build/articubot_one
[12.767s] Level 1:colcon.colcon_core.environment:checking '/code/install/articubot_one' for CMake module files
[12.774s] Level 1:colcon.colcon_core.environment:checking '/code/install/articubot_one' for CMake config files
[12.779s] Level 1:colcon.colcon_core.shell:create_environment_hook('articubot_one', 'cmake_prefix_path')
[12.781s] INFO:colcon.colcon_core.shell:Creating environment hook '/code/install/articubot_one/share/articubot_one/hook/cmake_prefix_path.ps1'
[12.790s] INFO:colcon.colcon_core.shell:Creating environment descriptor '/code/install/articubot_one/share/articubot_one/hook/cmake_prefix_path.dsv'
[12.798s] INFO:colcon.colcon_core.shell:Creating environment hook '/code/install/articubot_one/share/articubot_one/hook/cmake_prefix_path.sh'
[12.807s] Level 1:colcon.colcon_core.environment:checking '/code/install/articubot_one/bin'
[12.808s] Level 1:colcon.colcon_core.environment:checking '/code/install/articubot_one/lib/pkgconfig/articubot_one.pc'
[12.811s] Level 1:colcon.colcon_core.environment:checking '/code/install/articubot_one/lib/python3.10/site-packages'
[12.812s] Level 1:colcon.colcon_core.environment:checking '/code/install/articubot_one/bin'
[12.820s] INFO:colcon.colcon_core.shell:Creating package script '/code/install/articubot_one/share/articubot_one/package.ps1'
[12.837s] INFO:colcon.colcon_core.shell:Creating package descriptor '/code/install/articubot_one/share/articubot_one/package.dsv'
[12.846s] INFO:colcon.colcon_core.shell:Creating package script '/code/install/articubot_one/share/articubot_one/package.sh'
[12.981s] INFO:colcon.colcon_core.shell:Creating package script '/code/install/articubot_one/share/articubot_one/package.bash'
[12.998s] INFO:colcon.colcon_core.shell:Creating package script '/code/install/articubot_one/share/articubot_one/package.zsh'
[13.011s] Level 1:colcon.colcon_core.environment:create_file_with_runtime_dependencies(/code/install/articubot_one/share/colcon-core/packages/articubot_one)
[13.272s] Level 1:colcon.colcon_core.environment:create_environment_scripts_only(articubot_one)
[13.275s] Level 1:colcon.colcon_core.environment:checking '/code/install/articubot_one' for CMake module files
[13.290s] Level 1:colcon.colcon_core.environment:checking '/code/install/articubot_one' for CMake config files
[13.300s] Level 1:colcon.colcon_core.shell:create_environment_hook('articubot_one', 'cmake_prefix_path')
[13.304s] INFO:colcon.colcon_core.shell:Creating environment hook '/code/install/articubot_one/share/articubot_one/hook/cmake_prefix_path.ps1'
[13.308s] INFO:colcon.colcon_core.shell:Creating environment descriptor '/code/install/articubot_one/share/articubot_one/hook/cmake_prefix_path.dsv'
[13.312s] INFO:colcon.colcon_core.shell:Creating environment hook '/code/install/articubot_one/share/articubot_one/hook/cmake_prefix_path.sh'
[13.329s] Level 1:colcon.colcon_core.environment:checking '/code/install/articubot_one/bin'
[13.331s] Level 1:colcon.colcon_core.environment:checking '/code/install/articubot_one/lib/pkgconfig/articubot_one.pc'
[13.334s] Level 1:colcon.colcon_core.environment:checking '/code/install/articubot_one/lib/python3.10/site-packages'
[13.338s] Level 1:colcon.colcon_core.environment:checking '/code/install/articubot_one/bin'
[13.341s] INFO:colcon.colcon_core.shell:Creating package script '/code/install/articubot_one/share/articubot_one/package.ps1'
[13.347s] INFO:colcon.colcon_core.shell:Creating package descriptor '/code/install/articubot_one/share/articubot_one/package.dsv'
[13.358s] INFO:colcon.colcon_core.shell:Creating package script '/code/install/articubot_one/share/articubot_one/package.sh'
[13.368s] INFO:colcon.colcon_core.shell:Creating package script '/code/install/articubot_one/share/articubot_one/package.bash'
[13.373s] INFO:colcon.colcon_core.shell:Creating package script '/code/install/articubot_one/share/articubot_one/package.zsh'
[13.385s] Level 1:colcon.colcon_core.environment:create_file_with_runtime_dependencies(/code/install/articubot_one/share/colcon-core/packages/articubot_one)
[17.876s] DEBUG:colcon.colcon_core.event_handler.log_command:Invoking command in '/code/build/joy_tester': PYTHONPATH=/code/build/joy_tester/prefix_override:/usr/lib/python3/dist-packages/colcon_core/task/python/colcon_distutils_commands:/code/install/joy_tester/lib/python3.10/site-packages:${PYTHONPATH} /usr/bin/python3 -W ignore:setup.py install is deprecated setup.py develop --editable --build-directory /code/build/joy_tester/build --no-deps symlink_data
[25.992s] Level 1:colcon.colcon_core.shell:create_environment_hook('joy_tester', 'pythonpath_develop')
[26.007s] DEBUG:colcon.colcon_core.event_handler.log_command:Invoked command in '/code/build/joy_tester' returned '0': PYTHONPATH=/code/build/joy_tester/prefix_override:/usr/lib/python3/dist-packages/colcon_core/task/python/colcon_distutils_commands:/code/install/joy_tester/lib/python3.10/site-packages:${PYTHONPATH} /usr/bin/python3 -W ignore:setup.py install is deprecated setup.py develop --editable --build-directory /code/build/joy_tester/build --no-deps symlink_data
[26.009s] INFO:colcon.colcon_core.shell:Creating environment hook '/code/build/joy_tester/share/joy_tester/hook/pythonpath_develop.ps1'
[26.025s] INFO:colcon.colcon_core.shell:Creating environment descriptor '/code/build/joy_tester/share/joy_tester/hook/pythonpath_develop.dsv'
[26.040s] INFO:colcon.colcon_core.shell:Creating environment hook '/code/build/joy_tester/share/joy_tester/hook/pythonpath_develop.sh'
[26.069s] Level 1:colcon.colcon_core.environment:checking '/code/install/joy_tester' for CMake module files
[26.082s] Level 1:colcon.colcon_core.environment:checking '/code/install/joy_tester' for CMake config files
[26.099s] Level 1:colcon.colcon_core.environment:checking '/code/install/joy_tester/lib'
[26.127s] Level 1:colcon.colcon_core.environment:checking '/code/install/joy_tester/bin'
[26.128s] Level 1:colcon.colcon_core.environment:checking '/code/install/joy_tester/lib/pkgconfig/joy_tester.pc'
[26.130s] Level 1:colcon.colcon_core.environment:checking '/code/install/joy_tester/lib/python3.10/site-packages'
[26.130s] Level 1:colcon.colcon_core.shell:create_environment_hook('joy_tester', 'pythonpath')
[26.133s] INFO:colcon.colcon_core.shell:Creating environment hook '/code/install/joy_tester/share/joy_tester/hook/pythonpath.ps1'
[26.135s] INFO:colcon.colcon_core.shell:Creating environment descriptor '/code/install/joy_tester/share/joy_tester/hook/pythonpath.dsv'
[26.139s] INFO:colcon.colcon_core.shell:Creating environment hook '/code/install/joy_tester/share/joy_tester/hook/pythonpath.sh'
[26.161s] Level 1:colcon.colcon_core.environment:checking '/code/install/joy_tester/bin'
[26.162s] Level 1:colcon.colcon_core.environment:create_environment_scripts_only(joy_tester)
[26.167s] INFO:colcon.colcon_core.shell:Creating package script '/code/install/joy_tester/share/joy_tester/package.ps1'
[26.177s] INFO:colcon.colcon_core.shell:Creating package descriptor '/code/install/joy_tester/share/joy_tester/package.dsv'
[26.182s] INFO:colcon.colcon_core.shell:Creating package script '/code/install/joy_tester/share/joy_tester/package.sh'
[26.196s] INFO:colcon.colcon_core.shell:Creating package script '/code/install/joy_tester/share/joy_tester/package.bash'
[26.204s] INFO:colcon.colcon_core.shell:Creating package script '/code/install/joy_tester/share/joy_tester/package.zsh'
[26.210s] Level 1:colcon.colcon_core.environment:create_file_with_runtime_dependencies(/code/install/joy_tester/share/colcon-core/packages/joy_tester)
[26.213s] DEBUG:colcon.colcon_parallel_executor.executor.parallel:closing loop
[26.220s] DEBUG:colcon.colcon_parallel_executor.executor.parallel:loop closed
[26.220s] DEBUG:colcon.colcon_parallel_executor.executor.parallel:run_until_complete finished with '0'
[26.221s] DEBUG:colcon.colcon_core.event_reactor:joining thread
[26.361s] INFO:colcon.colcon_core.plugin_system:Skipping extension 'colcon_notification.desktop_notification.notify_send': Could not find 'notify-send'
[26.362s] INFO:colcon.colcon_core.plugin_system:Skipping extension 'colcon_notification.desktop_notification.terminal_notifier': Not used on non-Darwin systems
[26.363s] INFO:colcon.colcon_core.plugin_system:Skipping extension 'colcon_notification.desktop_notification.win32': Not used on non-Windows systems
[26.364s] INFO:colcon.colcon_notification.desktop_notification:Sending desktop notification using 'notify2'
[26.390s] DEBUG:colcon.colcon_notification.desktop_notification.notify2:Failed to initialize notify2: org.freedesktop.DBus.Error.Spawn.ExecFailed: /usr/bin/dbus-launch terminated abnormally without any error message
[26.393s] DEBUG:colcon.colcon_core.event_reactor:joined thread
[26.400s] INFO:colcon.colcon_core.shell:Creating prefix script '/code/install/local_setup.ps1'
[26.410s] INFO:colcon.colcon_core.shell:Creating prefix util module '/code/install/_local_setup_util_ps1.py'
[26.429s] INFO:colcon.colcon_core.shell:Creating prefix chain script '/code/install/setup.ps1'
[26.443s] INFO:colcon.colcon_core.shell:Creating prefix script '/code/install/local_setup.sh'
[26.453s] INFO:colcon.colcon_core.shell:Creating prefix util module '/code/install/_local_setup_util_sh.py'
[26.462s] INFO:colcon.colcon_core.shell:Creating prefix chain script '/code/install/setup.sh'
[26.473s] INFO:colcon.colcon_core.shell:Creating prefix script '/code/install/local_setup.bash'
[26.483s] INFO:colcon.colcon_core.shell:Creating prefix chain script '/code/install/setup.bash'
[26.498s] INFO:colcon.colcon_core.shell:Creating prefix script '/code/install/local_setup.zsh'
[26.504s] INFO:colcon.colcon_core.shell:Creating prefix chain script '/code/install/setup.zsh'
