[0.045s] Invoking command in '/code/build/articubot_one': CMAKE_PREFIX_PATH=${CMAKE_PREFIX_PATH}:/code/install/joy_tester:/opt/ros/iron /usr/bin/cmake --build /code/build/articubot_one -- -j8 -l8
[0.356s] Invoked command in '/code/build/articubot_one' returned '0': CMAKE_PREFIX_PATH=${CMAKE_PREFIX_PATH}:/code/install/joy_tester:/opt/ros/iron /usr/bin/cmake --build /code/build/articubot_one -- -j8 -l8
[0.386s] Invoking command in '/code/build/articubot_one': CMAKE_PREFIX_PATH=${CMAKE_PREFIX_PATH}:/code/install/joy_tester:/opt/ros/iron /usr/bin/cmake --install /code/build/articubot_one
[0.394s] -- Install configuration: ""
[0.410s] -- Execute custom install script
[0.411s] -- Up-to-date symlink: /code/install/articubot_one/share/articubot_one/config/empty.yaml
[0.411s] -- Up-to-date symlink: /code/install/articubot_one/share/articubot_one/config/gazebo_params.yaml
[0.411s] -- Up-to-date symlink: /code/install/articubot_one/share/articubot_one/config/joystick.yaml
[0.411s] -- Up-to-date symlink: /code/install/articubot_one/share/articubot_one/config/mapper_params_online_async.yaml
[0.411s] -- Up-to-date symlink: /code/install/articubot_one/share/articubot_one/config/my_controllers.yaml
[0.411s] -- Symlinking: /code/install/articubot_one/share/articubot_one/config/nav2_params.yaml
[0.424s] -- Symlinking: /code/install/articubot_one/share/articubot_one/config/new.rviz
[0.441s] -- Symlinking: /code/install/articubot_one/share/articubot_one/config/twist_mux.yaml
[0.451s] -- Up-to-date symlink: /code/install/articubot_one/share/articubot_one/description/camera.xacro
[0.452s] -- Up-to-date symlink: /code/install/articubot_one/share/articubot_one/description/face.xacro
[0.452s] -- Up-to-date symlink: /code/install/articubot_one/share/articubot_one/description/gazebo_control.xacro
[0.452s] -- Up-to-date symlink: /code/install/articubot_one/share/articubot_one/description/inertial_macros.xacro
[0.452s] -- Up-to-date symlink: /code/install/articubot_one/share/articubot_one/description/lidar.xacro
[0.452s] -- Up-to-date symlink: /code/install/articubot_one/share/articubot_one/description/robot.urdf.xacro
[0.452s] -- Up-to-date symlink: /code/install/articubot_one/share/articubot_one/description/robot_core.xacro
[0.452s] -- Up-to-date symlink: /code/install/articubot_one/share/articubot_one/description/ros2_control.xacro
[0.453s] -- Up-to-date symlink: /code/install/articubot_one/share/articubot_one/launch/joystick.launch.py
[0.453s] -- Up-to-date symlink: /code/install/articubot_one/share/articubot_one/launch/launch_sim.launch.py
[0.453s] -- Symlinking: /code/install/articubot_one/share/articubot_one/launch/localisation.launch.py
[0.462s] -- Symlinking: /code/install/articubot_one/share/articubot_one/launch/navigation.launch.py
[0.471s] -- Symlinking: /code/install/articubot_one/share/articubot_one/launch/online_async_launch.py
[0.479s] -- Up-to-date symlink: /code/install/articubot_one/share/articubot_one/launch/rsp.launch.py
[0.480s] -- Up-to-date symlink: /code/install/articubot_one/share/articubot_one/worlds/empty.world
[0.480s] -- Up-to-date symlink: /code/install/articubot_one/share/articubot_one/worlds/obstacles.world
[0.480s] -- Up-to-date symlink: /code/install/articubot_one/share/ament_index/resource_index/package_run_dependencies/articubot_one
[0.480s] -- Up-to-date symlink: /code/install/articubot_one/share/ament_index/resource_index/parent_prefix_path/articubot_one
[0.480s] -- Up-to-date symlink: /code/install/articubot_one/share/articubot_one/environment/ament_prefix_path.sh
[0.481s] -- Up-to-date symlink: /code/install/articubot_one/share/articubot_one/environment/ament_prefix_path.dsv
[0.481s] -- Up-to-date symlink: /code/install/articubot_one/share/articubot_one/environment/path.sh
[0.481s] -- Up-to-date symlink: /code/install/articubot_one/share/articubot_one/environment/path.dsv
[0.481s] -- Up-to-date symlink: /code/install/articubot_one/share/articubot_one/local_setup.bash
[0.481s] -- Up-to-date symlink: /code/install/articubot_one/share/articubot_one/local_setup.sh
[0.481s] -- Up-to-date symlink: /code/install/articubot_one/share/articubot_one/local_setup.zsh
[0.482s] -- Up-to-date symlink: /code/install/articubot_one/share/articubot_one/local_setup.dsv
[0.482s] -- Symlinking: /code/install/articubot_one/share/articubot_one/package.dsv
[0.491s] -- Up-to-date symlink: /code/install/articubot_one/share/ament_index/resource_index/packages/articubot_one
[0.491s] -- Up-to-date symlink: /code/install/articubot_one/share/articubot_one/cmake/articubot_oneConfig.cmake
[0.491s] -- Up-to-date symlink: /code/install/articubot_one/share/articubot_one/cmake/articubot_oneConfig-version.cmake
[0.491s] -- Up-to-date symlink: /code/install/articubot_one/share/articubot_one/package.xml
[0.494s] Invoked command in '/code/build/articubot_one' returned '0': CMAKE_PREFIX_PATH=${CMAKE_PREFIX_PATH}:/code/install/joy_tester:/opt/ros/iron /usr/bin/cmake --install /code/build/articubot_one
