[0.114s] DEBUG:colcon:Command line arguments: ['/usr/bin/colcon', 'build', '--symlink-install']
[0.114s] DEBUG:colcon:Parsed command line arguments: Namespace(log_base=None, log_level=None, verb_name='build', build_base='build', install_base='install', merge_install=False, symlink_install=True, test_result_base=None, continue_on_error=False, executor='parallel', parallel_workers=8, event_handlers=None, ignore_user_meta=False, metas=['./colcon.meta'], base_paths=['.'], packages_ignore=None, packages_ignore_regex=None, paths=None, packages_up_to=None, packages_up_to_regex=None, packages_above=None, packages_above_and_dependencies=None, packages_above_depth=None, packages_select_by_dep=None, packages_skip_by_dep=None, packages_skip_up_to=None, packages_select_build_failed=False, packages_skip_build_finished=False, packages_select_test_failures=False, packages_skip_test_passed=False, packages_select=None, packages_skip=None, packages_select_regex=None, packages_skip_regex=None, packages_start=None, packages_end=None, cmake_args=None, cmake_target=None, cmake_target_skip_unavailable=False, cmake_clean_cache=False, cmake_clean_first=False, cmake_force_configure=False, ament_cmake_args=None, catkin_cmake_args=None, catkin_skip_building_tests=False, mixin_files=None, mixin=None, verb_parser=<colcon_mixin.mixin.mixin_argument.MixinArgumentDecorator object at 0x7d5d554e4eb0>, verb_extension=<colcon_core.verb.build.BuildVerb object at 0x7d5d554e4460>, main=<bound method BuildVerb.main of <colcon_core.verb.build.BuildVerb object at 0x7d5d554e4460>>, mixin_verb=('build',))
[0.387s] Level 1:colcon.colcon_core.package_discovery:discover_packages(colcon_meta) check parameters
[0.387s] Level 1:colcon.colcon_core.package_discovery:discover_packages(recursive) check parameters
[0.387s] Level 1:colcon.colcon_core.package_discovery:discover_packages(ignore) check parameters
[0.387s] Level 1:colcon.colcon_core.package_discovery:discover_packages(path) check parameters
[0.387s] Level 1:colcon.colcon_core.package_discovery:discover_packages(colcon_meta) discover
[0.387s] Level 1:colcon.colcon_core.package_discovery:discover_packages(recursive) discover
[0.387s] INFO:colcon.colcon_core.package_discovery:Crawling recursively for packages in '/code'
[0.387s] Level 1:colcon.colcon_core.package_identification:_identify(.) by extensions ['ignore', 'ignore_ament_install']
[0.387s] Level 1:colcon.colcon_core.package_identification:_identify(.) by extension 'ignore'
[0.387s] Level 1:colcon.colcon_core.package_identification:_identify(.) by extension 'ignore_ament_install'
[0.388s] Level 1:colcon.colcon_core.package_identification:_identify(.) by extensions ['colcon_pkg']
[0.388s] Level 1:colcon.colcon_core.package_identification:_identify(.) by extension 'colcon_pkg'
[0.388s] Level 1:colcon.colcon_core.package_identification:_identify(.) by extensions ['colcon_meta']
[0.388s] Level 1:colcon.colcon_core.package_identification:_identify(.) by extension 'colcon_meta'
[0.388s] Level 1:colcon.colcon_core.package_identification:_identify(.) by extensions ['ros']
[0.388s] Level 1:colcon.colcon_core.package_identification:_identify(.) by extension 'ros'
[0.398s] Level 1:colcon.colcon_core.package_identification:_identify(.) by extensions ['cmake', 'python']
[0.398s] Level 1:colcon.colcon_core.package_identification:_identify(.) by extension 'cmake'
[0.398s] Level 1:colcon.colcon_core.package_identification:_identify(.) by extension 'python'
[0.398s] Level 1:colcon.colcon_core.package_identification:_identify(.) by extensions ['python_setup_py']
[0.398s] Level 1:colcon.colcon_core.package_identification:_identify(.) by extension 'python_setup_py'
[0.398s] Level 1:colcon.colcon_core.package_identification:_identify(build) by extensions ['ignore', 'ignore_ament_install']
[0.399s] Level 1:colcon.colcon_core.package_identification:_identify(build) by extension 'ignore'
[0.399s] Level 1:colcon.colcon_core.package_identification:_identify(build) ignored
[0.399s] Level 1:colcon.colcon_core.package_identification:_identify(docker) by extensions ['ignore', 'ignore_ament_install']
[0.399s] Level 1:colcon.colcon_core.package_identification:_identify(docker) by extension 'ignore'
[0.399s] Level 1:colcon.colcon_core.package_identification:_identify(docker) by extension 'ignore_ament_install'
[0.399s] Level 1:colcon.colcon_core.package_identification:_identify(docker) by extensions ['colcon_pkg']
[0.399s] Level 1:colcon.colcon_core.package_identification:_identify(docker) by extension 'colcon_pkg'
[0.399s] Level 1:colcon.colcon_core.package_identification:_identify(docker) by extensions ['colcon_meta']
[0.399s] Level 1:colcon.colcon_core.package_identification:_identify(docker) by extension 'colcon_meta'
[0.399s] Level 1:colcon.colcon_core.package_identification:_identify(docker) by extensions ['ros']
[0.399s] Level 1:colcon.colcon_core.package_identification:_identify(docker) by extension 'ros'
[0.399s] Level 1:colcon.colcon_core.package_identification:_identify(docker) by extensions ['cmake', 'python']
[0.399s] Level 1:colcon.colcon_core.package_identification:_identify(docker) by extension 'cmake'
[0.399s] Level 1:colcon.colcon_core.package_identification:_identify(docker) by extension 'python'
[0.399s] Level 1:colcon.colcon_core.package_identification:_identify(docker) by extensions ['python_setup_py']
[0.399s] Level 1:colcon.colcon_core.package_identification:_identify(docker) by extension 'python_setup_py'
[0.399s] Level 1:colcon.colcon_core.package_identification:_identify(install) by extensions ['ignore', 'ignore_ament_install']
[0.399s] Level 1:colcon.colcon_core.package_identification:_identify(install) by extension 'ignore'
[0.400s] Level 1:colcon.colcon_core.package_identification:_identify(install) ignored
[0.400s] Level 1:colcon.colcon_core.package_identification:_identify(joy_tester) by extensions ['ignore', 'ignore_ament_install']
[0.400s] Level 1:colcon.colcon_core.package_identification:_identify(joy_tester) by extension 'ignore'
[0.400s] Level 1:colcon.colcon_core.package_identification:_identify(joy_tester) by extension 'ignore_ament_install'
[0.400s] Level 1:colcon.colcon_core.package_identification:_identify(joy_tester) by extensions ['colcon_pkg']
[0.400s] Level 1:colcon.colcon_core.package_identification:_identify(joy_tester) by extension 'colcon_pkg'
[0.400s] Level 1:colcon.colcon_core.package_identification:_identify(joy_tester) by extensions ['colcon_meta']
[0.400s] Level 1:colcon.colcon_core.package_identification:_identify(joy_tester) by extension 'colcon_meta'
[0.400s] Level 1:colcon.colcon_core.package_identification:_identify(joy_tester) by extensions ['ros']
[0.400s] Level 1:colcon.colcon_core.package_identification:_identify(joy_tester) by extension 'ros'
[0.402s] DEBUG:colcon.colcon_core.package_identification:Package 'joy_tester' with type 'ros.ament_python' and name 'joy_tester'
[0.402s] Level 1:colcon.colcon_core.package_identification:_identify(log) by extensions ['ignore', 'ignore_ament_install']
[0.402s] Level 1:colcon.colcon_core.package_identification:_identify(log) by extension 'ignore'
[0.403s] Level 1:colcon.colcon_core.package_identification:_identify(log) ignored
[0.403s] Level 1:colcon.colcon_core.package_identification:_identify(src) by extensions ['ignore', 'ignore_ament_install']
[0.403s] Level 1:colcon.colcon_core.package_identification:_identify(src) by extension 'ignore'
[0.403s] Level 1:colcon.colcon_core.package_identification:_identify(src) by extension 'ignore_ament_install'
[0.403s] Level 1:colcon.colcon_core.package_identification:_identify(src) by extensions ['colcon_pkg']
[0.403s] Level 1:colcon.colcon_core.package_identification:_identify(src) by extension 'colcon_pkg'
[0.403s] Level 1:colcon.colcon_core.package_identification:_identify(src) by extensions ['colcon_meta']
[0.403s] Level 1:colcon.colcon_core.package_identification:_identify(src) by extension 'colcon_meta'
[0.403s] Level 1:colcon.colcon_core.package_identification:_identify(src) by extensions ['ros']
[0.403s] Level 1:colcon.colcon_core.package_identification:_identify(src) by extension 'ros'
[0.403s] Level 1:colcon.colcon_core.package_identification:_identify(src) by extensions ['cmake', 'python']
[0.403s] Level 1:colcon.colcon_core.package_identification:_identify(src) by extension 'cmake'
[0.403s] Level 1:colcon.colcon_core.package_identification:_identify(src) by extension 'python'
[0.403s] Level 1:colcon.colcon_core.package_identification:_identify(src) by extensions ['python_setup_py']
[0.403s] Level 1:colcon.colcon_core.package_identification:_identify(src) by extension 'python_setup_py'
[0.403s] Level 1:colcon.colcon_core.package_identification:_identify(src/articubot_one) by extensions ['ignore', 'ignore_ament_install']
[0.403s] Level 1:colcon.colcon_core.package_identification:_identify(src/articubot_one) by extension 'ignore'
[0.403s] Level 1:colcon.colcon_core.package_identification:_identify(src/articubot_one) by extension 'ignore_ament_install'
[0.403s] Level 1:colcon.colcon_core.package_identification:_identify(src/articubot_one) by extensions ['colcon_pkg']
[0.403s] Level 1:colcon.colcon_core.package_identification:_identify(src/articubot_one) by extension 'colcon_pkg'
[0.403s] Level 1:colcon.colcon_core.package_identification:_identify(src/articubot_one) by extensions ['colcon_meta']
[0.404s] Level 1:colcon.colcon_core.package_identification:_identify(src/articubot_one) by extension 'colcon_meta'
[0.404s] Level 1:colcon.colcon_core.package_identification:_identify(src/articubot_one) by extensions ['ros']
[0.404s] Level 1:colcon.colcon_core.package_identification:_identify(src/articubot_one) by extension 'ros'
[0.404s] DEBUG:colcon.colcon_core.package_identification:Package 'src/articubot_one' with type 'ros.ament_cmake' and name 'articubot_one'
[0.404s] Level 1:colcon.colcon_core.package_discovery:discover_packages(recursive) using defaults
[0.404s] Level 1:colcon.colcon_core.package_discovery:discover_packages(ignore) discover
[0.404s] Level 1:colcon.colcon_core.package_discovery:discover_packages(ignore) using defaults
[0.404s] Level 1:colcon.colcon_core.package_discovery:discover_packages(path) discover
[0.404s] Level 1:colcon.colcon_core.package_discovery:discover_packages(path) using defaults
[0.516s] Level 5:colcon.colcon_core.verb:set package 'articubot_one' build argument 'cmake_args' from command line to 'None'
[0.517s] Level 5:colcon.colcon_core.verb:set package 'articubot_one' build argument 'cmake_target' from command line to 'None'
[0.517s] Level 5:colcon.colcon_core.verb:set package 'articubot_one' build argument 'cmake_target_skip_unavailable' from command line to 'False'
[0.517s] Level 5:colcon.colcon_core.verb:set package 'articubot_one' build argument 'cmake_clean_cache' from command line to 'False'
[0.517s] Level 5:colcon.colcon_core.verb:set package 'articubot_one' build argument 'cmake_clean_first' from command line to 'False'
[0.517s] Level 5:colcon.colcon_core.verb:set package 'articubot_one' build argument 'cmake_force_configure' from command line to 'False'
[0.517s] Level 5:colcon.colcon_core.verb:set package 'articubot_one' build argument 'ament_cmake_args' from command line to 'None'
[0.517s] Level 5:colcon.colcon_core.verb:set package 'articubot_one' build argument 'catkin_cmake_args' from command line to 'None'
[0.517s] Level 5:colcon.colcon_core.verb:set package 'articubot_one' build argument 'catkin_skip_building_tests' from command line to 'False'
[0.517s] DEBUG:colcon.colcon_core.verb:Building package 'articubot_one' with the following arguments: {'ament_cmake_args': None, 'build_base': '/code/build/articubot_one', 'catkin_cmake_args': None, 'catkin_skip_building_tests': False, 'cmake_args': None, 'cmake_clean_cache': False, 'cmake_clean_first': False, 'cmake_force_configure': False, 'cmake_target': None, 'cmake_target_skip_unavailable': False, 'install_base': '/code/install/articubot_one', 'merge_install': False, 'path': '/code/src/articubot_one', 'symlink_install': True, 'test_result_base': None}
[0.518s] Level 5:colcon.colcon_core.verb:set package 'joy_tester' build argument 'cmake_args' from command line to 'None'
[0.518s] Level 5:colcon.colcon_core.verb:set package 'joy_tester' build argument 'cmake_target' from command line to 'None'
[0.518s] Level 5:colcon.colcon_core.verb:set package 'joy_tester' build argument 'cmake_target_skip_unavailable' from command line to 'False'
[0.518s] Level 5:colcon.colcon_core.verb:set package 'joy_tester' build argument 'cmake_clean_cache' from command line to 'False'
[0.518s] Level 5:colcon.colcon_core.verb:set package 'joy_tester' build argument 'cmake_clean_first' from command line to 'False'
[0.518s] Level 5:colcon.colcon_core.verb:set package 'joy_tester' build argument 'cmake_force_configure' from command line to 'False'
[0.518s] Level 5:colcon.colcon_core.verb:set package 'joy_tester' build argument 'ament_cmake_args' from command line to 'None'
[0.518s] Level 5:colcon.colcon_core.verb:set package 'joy_tester' build argument 'catkin_cmake_args' from command line to 'None'
[0.518s] Level 5:colcon.colcon_core.verb:set package 'joy_tester' build argument 'catkin_skip_building_tests' from command line to 'False'
[0.518s] DEBUG:colcon.colcon_core.verb:Building package 'joy_tester' with the following arguments: {'ament_cmake_args': None, 'build_base': '/code/build/joy_tester', 'catkin_cmake_args': None, 'catkin_skip_building_tests': False, 'cmake_args': None, 'cmake_clean_cache': False, 'cmake_clean_first': False, 'cmake_force_configure': False, 'cmake_target': None, 'cmake_target_skip_unavailable': False, 'install_base': '/code/install/joy_tester', 'merge_install': False, 'path': '/code/joy_tester', 'symlink_install': True, 'test_result_base': None}
[0.519s] INFO:colcon.colcon_core.executor:Executing jobs using 'parallel' executor
[0.520s] DEBUG:colcon.colcon_parallel_executor.executor.parallel:run_until_complete
[0.521s] INFO:colcon.colcon_ros.task.ament_cmake.build:Building ROS package in '/code/src/articubot_one' with build type 'ament_cmake'
[0.521s] INFO:colcon.colcon_cmake.task.cmake.build:Building CMake package in '/code/src/articubot_one'
[0.527s] INFO:colcon.colcon_core.plugin_system:Skipping extension 'colcon_core.shell.bat': Not used on non-Windows systems
[0.527s] INFO:colcon.colcon_core.shell:Skip shell extension 'powershell' for command environment: Not usable outside of PowerShell
[0.527s] DEBUG:colcon.colcon_core.shell:Skip shell extension 'dsv' for command environment
[0.534s] INFO:colcon.colcon_ros.task.ament_python.build:Building ROS package in '/code/joy_tester' with build type 'ament_python'
[0.534s] Level 1:colcon.colcon_core.shell:create_environment_hook('joy_tester', 'ament_prefix_path')
[0.535s] INFO:colcon.colcon_core.shell:Creating environment hook '/code/install/joy_tester/share/joy_tester/hook/ament_prefix_path.ps1'
[0.536s] INFO:colcon.colcon_core.shell:Creating environment descriptor '/code/install/joy_tester/share/joy_tester/hook/ament_prefix_path.dsv'
[0.537s] INFO:colcon.colcon_core.shell:Creating environment hook '/code/install/joy_tester/share/joy_tester/hook/ament_prefix_path.sh'
[0.538s] INFO:colcon.colcon_core.shell:Skip shell extension 'powershell' for command environment: Not usable outside of PowerShell
[0.538s] DEBUG:colcon.colcon_core.shell:Skip shell extension 'dsv' for command environment
[0.567s] DEBUG:colcon.colcon_core.event_handler.log_command:Invoking command in '/code/build/articubot_one': CMAKE_PREFIX_PATH=${CMAKE_PREFIX_PATH}:/code/install/joy_tester:/opt/ros/iron /usr/bin/cmake --build /code/build/articubot_one -- -j8 -l8
[0.873s] INFO:colcon.colcon_core.task.python.build:Building Python package in '/code/joy_tester'
[0.873s] INFO:colcon.colcon_core.shell:Skip shell extension 'powershell' for command environment: Not usable outside of PowerShell
[0.873s] DEBUG:colcon.colcon_core.shell:Skip shell extension 'dsv' for command environment
[0.878s] DEBUG:colcon.colcon_core.event_handler.log_command:Invoked command in '/code/build/articubot_one' returned '0': CMAKE_PREFIX_PATH=${CMAKE_PREFIX_PATH}:/code/install/joy_tester:/opt/ros/iron /usr/bin/cmake --build /code/build/articubot_one -- -j8 -l8
[0.908s] DEBUG:colcon.colcon_core.event_handler.log_command:Invoking command in '/code/build/articubot_one': CMAKE_PREFIX_PATH=${CMAKE_PREFIX_PATH}:/code/install/joy_tester:/opt/ros/iron /usr/bin/cmake --install /code/build/articubot_one
[1.015s] Level 1:colcon.colcon_core.environment:create_environment_scripts_only(articubot_one)
[1.016s] DEBUG:colcon.colcon_core.event_handler.log_command:Invoked command in '/code/build/articubot_one' returned '0': CMAKE_PREFIX_PATH=${CMAKE_PREFIX_PATH}:/code/install/joy_tester:/opt/ros/iron /usr/bin/cmake --install /code/build/articubot_one
[1.019s] Level 1:colcon.colcon_core.environment:checking '/code/install/articubot_one' for CMake module files
[1.019s] Level 1:colcon.colcon_core.environment:checking '/code/install/articubot_one' for CMake config files
[1.020s] Level 1:colcon.colcon_core.shell:create_environment_hook('articubot_one', 'cmake_prefix_path')
[1.020s] INFO:colcon.colcon_core.shell:Creating environment hook '/code/install/articubot_one/share/articubot_one/hook/cmake_prefix_path.ps1'
[1.020s] INFO:colcon.colcon_core.shell:Creating environment descriptor '/code/install/articubot_one/share/articubot_one/hook/cmake_prefix_path.dsv'
[1.021s] INFO:colcon.colcon_core.shell:Creating environment hook '/code/install/articubot_one/share/articubot_one/hook/cmake_prefix_path.sh'
[1.021s] Level 1:colcon.colcon_core.environment:checking '/code/install/articubot_one/bin'
[1.021s] Level 1:colcon.colcon_core.environment:checking '/code/install/articubot_one/lib/pkgconfig/articubot_one.pc'
[1.022s] Level 1:colcon.colcon_core.environment:checking '/code/install/articubot_one/lib/python3.10/site-packages'
[1.022s] Level 1:colcon.colcon_core.environment:checking '/code/install/articubot_one/bin'
[1.022s] INFO:colcon.colcon_core.shell:Creating package script '/code/install/articubot_one/share/articubot_one/package.ps1'
[1.023s] INFO:colcon.colcon_core.shell:Creating package descriptor '/code/install/articubot_one/share/articubot_one/package.dsv'
[1.024s] INFO:colcon.colcon_core.shell:Creating package script '/code/install/articubot_one/share/articubot_one/package.sh'
[1.039s] INFO:colcon.colcon_core.shell:Creating package script '/code/install/articubot_one/share/articubot_one/package.bash'
[1.040s] INFO:colcon.colcon_core.shell:Creating package script '/code/install/articubot_one/share/articubot_one/package.zsh'
[1.041s] Level 1:colcon.colcon_core.environment:create_file_with_runtime_dependencies(/code/install/articubot_one/share/colcon-core/packages/articubot_one)
[1.063s] Level 1:colcon.colcon_core.environment:create_environment_scripts_only(articubot_one)
[1.063s] Level 1:colcon.colcon_core.environment:checking '/code/install/articubot_one' for CMake module files
[1.064s] Level 1:colcon.colcon_core.environment:checking '/code/install/articubot_one' for CMake config files
[1.064s] Level 1:colcon.colcon_core.shell:create_environment_hook('articubot_one', 'cmake_prefix_path')
[1.064s] INFO:colcon.colcon_core.shell:Creating environment hook '/code/install/articubot_one/share/articubot_one/hook/cmake_prefix_path.ps1'
[1.065s] INFO:colcon.colcon_core.shell:Creating environment descriptor '/code/install/articubot_one/share/articubot_one/hook/cmake_prefix_path.dsv'
[1.065s] INFO:colcon.colcon_core.shell:Creating environment hook '/code/install/articubot_one/share/articubot_one/hook/cmake_prefix_path.sh'
[1.066s] Level 1:colcon.colcon_core.environment:checking '/code/install/articubot_one/bin'
[1.066s] Level 1:colcon.colcon_core.environment:checking '/code/install/articubot_one/lib/pkgconfig/articubot_one.pc'
[1.066s] Level 1:colcon.colcon_core.environment:checking '/code/install/articubot_one/lib/python3.10/site-packages'
[1.066s] Level 1:colcon.colcon_core.environment:checking '/code/install/articubot_one/bin'
[1.067s] INFO:colcon.colcon_core.shell:Creating package script '/code/install/articubot_one/share/articubot_one/package.ps1'
[1.067s] INFO:colcon.colcon_core.shell:Creating package descriptor '/code/install/articubot_one/share/articubot_one/package.dsv'
[1.068s] INFO:colcon.colcon_core.shell:Creating package script '/code/install/articubot_one/share/articubot_one/package.sh'
[1.068s] INFO:colcon.colcon_core.shell:Creating package script '/code/install/articubot_one/share/articubot_one/package.bash'
[1.069s] INFO:colcon.colcon_core.shell:Creating package script '/code/install/articubot_one/share/articubot_one/package.zsh'
[1.069s] Level 1:colcon.colcon_core.environment:create_file_with_runtime_dependencies(/code/install/articubot_one/share/colcon-core/packages/articubot_one)
[1.299s] DEBUG:colcon.colcon_core.event_handler.log_command:Invoking command in '/code/build/joy_tester': PYTHONPATH=/code/build/joy_tester/prefix_override:/usr/lib/python3/dist-packages/colcon_core/task/python/colcon_distutils_commands:/code/install/joy_tester/lib/python3.10/site-packages:${PYTHONPATH} /usr/bin/python3 -W ignore:setup.py install is deprecated setup.py develop --editable --build-directory /code/build/joy_tester/build --no-deps symlink_data
[1.783s] Level 1:colcon.colcon_core.shell:create_environment_hook('joy_tester', 'pythonpath_develop')
[1.783s] INFO:colcon.colcon_core.shell:Creating environment hook '/code/build/joy_tester/share/joy_tester/hook/pythonpath_develop.ps1'
[1.783s] DEBUG:colcon.colcon_core.event_handler.log_command:Invoked command in '/code/build/joy_tester' returned '0': PYTHONPATH=/code/build/joy_tester/prefix_override:/usr/lib/python3/dist-packages/colcon_core/task/python/colcon_distutils_commands:/code/install/joy_tester/lib/python3.10/site-packages:${PYTHONPATH} /usr/bin/python3 -W ignore:setup.py install is deprecated setup.py develop --editable --build-directory /code/build/joy_tester/build --no-deps symlink_data
[1.784s] INFO:colcon.colcon_core.shell:Creating environment descriptor '/code/build/joy_tester/share/joy_tester/hook/pythonpath_develop.dsv'
[1.784s] INFO:colcon.colcon_core.shell:Creating environment hook '/code/build/joy_tester/share/joy_tester/hook/pythonpath_develop.sh'
[1.785s] Level 1:colcon.colcon_core.environment:checking '/code/install/joy_tester' for CMake module files
[1.785s] Level 1:colcon.colcon_core.environment:checking '/code/install/joy_tester' for CMake config files
[1.786s] Level 1:colcon.colcon_core.environment:checking '/code/install/joy_tester/lib'
[1.786s] Level 1:colcon.colcon_core.environment:checking '/code/install/joy_tester/bin'
[1.786s] Level 1:colcon.colcon_core.environment:checking '/code/install/joy_tester/lib/pkgconfig/joy_tester.pc'
[1.786s] Level 1:colcon.colcon_core.environment:checking '/code/install/joy_tester/lib/python3.10/site-packages'
[1.786s] Level 1:colcon.colcon_core.shell:create_environment_hook('joy_tester', 'pythonpath')
[1.786s] INFO:colcon.colcon_core.shell:Creating environment hook '/code/install/joy_tester/share/joy_tester/hook/pythonpath.ps1'
[1.787s] INFO:colcon.colcon_core.shell:Creating environment descriptor '/code/install/joy_tester/share/joy_tester/hook/pythonpath.dsv'
[1.787s] INFO:colcon.colcon_core.shell:Creating environment hook '/code/install/joy_tester/share/joy_tester/hook/pythonpath.sh'
[1.788s] Level 1:colcon.colcon_core.environment:checking '/code/install/joy_tester/bin'
[1.788s] Level 1:colcon.colcon_core.environment:create_environment_scripts_only(joy_tester)
[1.788s] INFO:colcon.colcon_core.shell:Creating package script '/code/install/joy_tester/share/joy_tester/package.ps1'
[1.789s] INFO:colcon.colcon_core.shell:Creating package descriptor '/code/install/joy_tester/share/joy_tester/package.dsv'
[1.789s] INFO:colcon.colcon_core.shell:Creating package script '/code/install/joy_tester/share/joy_tester/package.sh'
[1.790s] INFO:colcon.colcon_core.shell:Creating package script '/code/install/joy_tester/share/joy_tester/package.bash'
[1.790s] INFO:colcon.colcon_core.shell:Creating package script '/code/install/joy_tester/share/joy_tester/package.zsh'
[1.791s] Level 1:colcon.colcon_core.environment:create_file_with_runtime_dependencies(/code/install/joy_tester/share/colcon-core/packages/joy_tester)
[1.791s] DEBUG:colcon.colcon_parallel_executor.executor.parallel:closing loop
[1.791s] DEBUG:colcon.colcon_parallel_executor.executor.parallel:loop closed
[1.791s] DEBUG:colcon.colcon_parallel_executor.executor.parallel:run_until_complete finished with '0'
[1.792s] DEBUG:colcon.colcon_core.event_reactor:joining thread
[1.798s] INFO:colcon.colcon_core.plugin_system:Skipping extension 'colcon_notification.desktop_notification.notify_send': Could not find 'notify-send'
[1.798s] INFO:colcon.colcon_core.plugin_system:Skipping extension 'colcon_notification.desktop_notification.terminal_notifier': Not used on non-Darwin systems
[1.798s] INFO:colcon.colcon_core.plugin_system:Skipping extension 'colcon_notification.desktop_notification.win32': Not used on non-Windows systems
[1.798s] INFO:colcon.colcon_notification.desktop_notification:Sending desktop notification using 'notify2'
[1.800s] DEBUG:colcon.colcon_notification.desktop_notification.notify2:Failed to initialize notify2: org.freedesktop.DBus.Error.Spawn.ExecFailed: /usr/bin/dbus-launch terminated abnormally without any error message
[1.800s] DEBUG:colcon.colcon_core.event_reactor:joined thread
[1.801s] INFO:colcon.colcon_core.shell:Creating prefix script '/code/install/local_setup.ps1'
[1.802s] INFO:colcon.colcon_core.shell:Creating prefix util module '/code/install/_local_setup_util_ps1.py'
[1.803s] INFO:colcon.colcon_core.shell:Creating prefix chain script '/code/install/setup.ps1'
[1.805s] INFO:colcon.colcon_core.shell:Creating prefix script '/code/install/local_setup.sh'
[1.805s] INFO:colcon.colcon_core.shell:Creating prefix util module '/code/install/_local_setup_util_sh.py'
[1.806s] INFO:colcon.colcon_core.shell:Creating prefix chain script '/code/install/setup.sh'
[1.807s] INFO:colcon.colcon_core.shell:Creating prefix script '/code/install/local_setup.bash'
[1.808s] INFO:colcon.colcon_core.shell:Creating prefix chain script '/code/install/setup.bash'
[1.809s] INFO:colcon.colcon_core.shell:Creating prefix script '/code/install/local_setup.zsh'
[1.810s] INFO:colcon.colcon_core.shell:Creating prefix chain script '/code/install/setup.zsh'
