[2.690s] DEBUG:colcon:Command line arguments: ['/usr/bin/colcon', 'build', '--symlink-install']
[2.691s] DEBUG:colcon:Parsed command line arguments: Namespace(log_base=None, log_level=None, verb_name='build', build_base='build', install_base='install', merge_install=False, symlink_install=True, test_result_base=None, continue_on_error=False, executor='parallel', parallel_workers=8, event_handlers=None, ignore_user_meta=False, metas=['./colcon.meta'], base_paths=['.'], packages_ignore=None, packages_ignore_regex=None, paths=None, packages_up_to=None, packages_up_to_regex=None, packages_above=None, packages_above_and_dependencies=None, packages_above_depth=None, packages_select_by_dep=None, packages_skip_by_dep=None, packages_skip_up_to=None, packages_select_build_failed=False, packages_skip_build_finished=False, packages_select_test_failures=False, packages_skip_test_passed=False, packages_select=None, packages_skip=None, packages_select_regex=None, packages_skip_regex=None, packages_start=None, packages_end=None, cmake_args=None, cmake_target=None, cmake_target_skip_unavailable=False, cmake_clean_cache=False, cmake_clean_first=False, cmake_force_configure=False, ament_cmake_args=None, catkin_cmake_args=None, catkin_skip_building_tests=False, mixin_files=None, mixin=None, verb_parser=<colcon_mixin.mixin.mixin_argument.MixinArgumentDecorator object at 0x720168190940>, verb_extension=<colcon_core.verb.build.BuildVerb object at 0x72016815feb0>, main=<bound method BuildVerb.main of <colcon_core.verb.build.BuildVerb object at 0x72016815feb0>>, mixin_verb=('build',))
[5.878s] Level 1:colcon.colcon_core.package_discovery:discover_packages(colcon_meta) check parameters
[5.879s] Level 1:colcon.colcon_core.package_discovery:discover_packages(recursive) check parameters
[5.879s] Level 1:colcon.colcon_core.package_discovery:discover_packages(ignore) check parameters
[5.879s] Level 1:colcon.colcon_core.package_discovery:discover_packages(path) check parameters
[5.879s] Level 1:colcon.colcon_core.package_discovery:discover_packages(colcon_meta) discover
[5.880s] Level 1:colcon.colcon_core.package_discovery:discover_packages(recursive) discover
[5.880s] INFO:colcon.colcon_core.package_discovery:Crawling recursively for packages in '/code'
[5.881s] Level 1:colcon.colcon_core.package_identification:_identify(.) by extensions ['ignore', 'ignore_ament_install']
[5.881s] Level 1:colcon.colcon_core.package_identification:_identify(.) by extension 'ignore'
[5.882s] Level 1:colcon.colcon_core.package_identification:_identify(.) by extension 'ignore_ament_install'
[5.882s] Level 1:colcon.colcon_core.package_identification:_identify(.) by extensions ['colcon_pkg']
[5.882s] Level 1:colcon.colcon_core.package_identification:_identify(.) by extension 'colcon_pkg'
[5.883s] Level 1:colcon.colcon_core.package_identification:_identify(.) by extensions ['colcon_meta']
[5.883s] Level 1:colcon.colcon_core.package_identification:_identify(.) by extension 'colcon_meta'
[5.883s] Level 1:colcon.colcon_core.package_identification:_identify(.) by extensions ['ros']
[5.883s] Level 1:colcon.colcon_core.package_identification:_identify(.) by extension 'ros'
[6.044s] Level 1:colcon.colcon_core.package_identification:_identify(.) by extensions ['cmake', 'python']
[6.045s] Level 1:colcon.colcon_core.package_identification:_identify(.) by extension 'cmake'
[6.045s] Level 1:colcon.colcon_core.package_identification:_identify(.) by extension 'python'
[6.046s] Level 1:colcon.colcon_core.package_identification:_identify(.) by extensions ['python_setup_py']
[6.046s] Level 1:colcon.colcon_core.package_identification:_identify(.) by extension 'python_setup_py'
[6.047s] Level 1:colcon.colcon_core.package_identification:_identify(build) by extensions ['ignore', 'ignore_ament_install']
[6.047s] Level 1:colcon.colcon_core.package_identification:_identify(build) by extension 'ignore'
[6.048s] Level 1:colcon.colcon_core.package_identification:_identify(build) ignored
[6.048s] Level 1:colcon.colcon_core.package_identification:_identify(docker) by extensions ['ignore', 'ignore_ament_install']
[6.049s] Level 1:colcon.colcon_core.package_identification:_identify(docker) by extension 'ignore'
[6.050s] Level 1:colcon.colcon_core.package_identification:_identify(docker) by extension 'ignore_ament_install'
[6.050s] Level 1:colcon.colcon_core.package_identification:_identify(docker) by extensions ['colcon_pkg']
[6.050s] Level 1:colcon.colcon_core.package_identification:_identify(docker) by extension 'colcon_pkg'
[6.051s] Level 1:colcon.colcon_core.package_identification:_identify(docker) by extensions ['colcon_meta']
[6.051s] Level 1:colcon.colcon_core.package_identification:_identify(docker) by extension 'colcon_meta'
[6.051s] Level 1:colcon.colcon_core.package_identification:_identify(docker) by extensions ['ros']
[6.052s] Level 1:colcon.colcon_core.package_identification:_identify(docker) by extension 'ros'
[6.052s] Level 1:colcon.colcon_core.package_identification:_identify(docker) by extensions ['cmake', 'python']
[6.052s] Level 1:colcon.colcon_core.package_identification:_identify(docker) by extension 'cmake'
[6.053s] Level 1:colcon.colcon_core.package_identification:_identify(docker) by extension 'python'
[6.053s] Level 1:colcon.colcon_core.package_identification:_identify(docker) by extensions ['python_setup_py']
[6.053s] Level 1:colcon.colcon_core.package_identification:_identify(docker) by extension 'python_setup_py'
[6.054s] Level 1:colcon.colcon_core.package_identification:_identify(install) by extensions ['ignore', 'ignore_ament_install']
[6.055s] Level 1:colcon.colcon_core.package_identification:_identify(install) by extension 'ignore'
[6.055s] Level 1:colcon.colcon_core.package_identification:_identify(install) ignored
[6.056s] Level 1:colcon.colcon_core.package_identification:_identify(log) by extensions ['ignore', 'ignore_ament_install']
[6.056s] Level 1:colcon.colcon_core.package_identification:_identify(log) by extension 'ignore'
[6.057s] Level 1:colcon.colcon_core.package_identification:_identify(log) ignored
[6.060s] Level 1:colcon.colcon_core.package_identification:_identify(src) by extensions ['ignore', 'ignore_ament_install']
[6.060s] Level 1:colcon.colcon_core.package_identification:_identify(src) by extension 'ignore'
[6.061s] Level 1:colcon.colcon_core.package_identification:_identify(src) by extension 'ignore_ament_install'
[6.062s] Level 1:colcon.colcon_core.package_identification:_identify(src) by extensions ['colcon_pkg']
[6.062s] Level 1:colcon.colcon_core.package_identification:_identify(src) by extension 'colcon_pkg'
[6.062s] Level 1:colcon.colcon_core.package_identification:_identify(src) by extensions ['colcon_meta']
[6.063s] Level 1:colcon.colcon_core.package_identification:_identify(src) by extension 'colcon_meta'
[6.063s] Level 1:colcon.colcon_core.package_identification:_identify(src) by extensions ['ros']
[6.063s] Level 1:colcon.colcon_core.package_identification:_identify(src) by extension 'ros'
[6.064s] Level 1:colcon.colcon_core.package_identification:_identify(src) by extensions ['cmake', 'python']
[6.065s] Level 1:colcon.colcon_core.package_identification:_identify(src) by extension 'cmake'
[6.065s] Level 1:colcon.colcon_core.package_identification:_identify(src) by extension 'python'
[6.065s] Level 1:colcon.colcon_core.package_identification:_identify(src) by extensions ['python_setup_py']
[6.066s] Level 1:colcon.colcon_core.package_identification:_identify(src) by extension 'python_setup_py'
[6.067s] Level 1:colcon.colcon_core.package_identification:_identify(src/articubot_one) by extensions ['ignore', 'ignore_ament_install']
[6.067s] Level 1:colcon.colcon_core.package_identification:_identify(src/articubot_one) by extension 'ignore'
[6.068s] Level 1:colcon.colcon_core.package_identification:_identify(src/articubot_one) by extension 'ignore_ament_install'
[6.068s] Level 1:colcon.colcon_core.package_identification:_identify(src/articubot_one) by extensions ['colcon_pkg']
[6.068s] Level 1:colcon.colcon_core.package_identification:_identify(src/articubot_one) by extension 'colcon_pkg'
[6.069s] Level 1:colcon.colcon_core.package_identification:_identify(src/articubot_one) by extensions ['colcon_meta']
[6.069s] Level 1:colcon.colcon_core.package_identification:_identify(src/articubot_one) by extension 'colcon_meta'
[6.069s] Level 1:colcon.colcon_core.package_identification:_identify(src/articubot_one) by extensions ['ros']
[6.070s] Level 1:colcon.colcon_core.package_identification:_identify(src/articubot_one) by extension 'ros'
[6.094s] DEBUG:colcon.colcon_core.package_identification:Package 'src/articubot_one' with type 'ros.ament_cmake' and name 'articubot_one'
[6.095s] Level 1:colcon.colcon_core.package_discovery:discover_packages(recursive) using defaults
[6.095s] Level 1:colcon.colcon_core.package_discovery:discover_packages(ignore) discover
[6.095s] Level 1:colcon.colcon_core.package_discovery:discover_packages(ignore) using defaults
[6.096s] Level 1:colcon.colcon_core.package_discovery:discover_packages(path) discover
[6.096s] Level 1:colcon.colcon_core.package_discovery:discover_packages(path) using defaults
[6.404s] Level 5:colcon.colcon_core.verb:set package 'articubot_one' build argument 'cmake_args' from command line to 'None'
[6.405s] Level 5:colcon.colcon_core.verb:set package 'articubot_one' build argument 'cmake_target' from command line to 'None'
[6.405s] Level 5:colcon.colcon_core.verb:set package 'articubot_one' build argument 'cmake_target_skip_unavailable' from command line to 'False'
[6.405s] Level 5:colcon.colcon_core.verb:set package 'articubot_one' build argument 'cmake_clean_cache' from command line to 'False'
[6.405s] Level 5:colcon.colcon_core.verb:set package 'articubot_one' build argument 'cmake_clean_first' from command line to 'False'
[6.405s] Level 5:colcon.colcon_core.verb:set package 'articubot_one' build argument 'cmake_force_configure' from command line to 'False'
[6.405s] Level 5:colcon.colcon_core.verb:set package 'articubot_one' build argument 'ament_cmake_args' from command line to 'None'
[6.405s] Level 5:colcon.colcon_core.verb:set package 'articubot_one' build argument 'catkin_cmake_args' from command line to 'None'
[6.406s] Level 5:colcon.colcon_core.verb:set package 'articubot_one' build argument 'catkin_skip_building_tests' from command line to 'False'
[6.406s] DEBUG:colcon.colcon_core.verb:Building package 'articubot_one' with the following arguments: {'ament_cmake_args': None, 'build_base': '/code/build/articubot_one', 'catkin_cmake_args': None, 'catkin_skip_building_tests': False, 'cmake_args': None, 'cmake_clean_cache': False, 'cmake_clean_first': False, 'cmake_force_configure': False, 'cmake_target': None, 'cmake_target_skip_unavailable': False, 'install_base': '/code/install/articubot_one', 'merge_install': False, 'path': '/code/src/articubot_one', 'symlink_install': True, 'test_result_base': None}
[6.406s] INFO:colcon.colcon_core.executor:Executing jobs using 'parallel' executor
[6.410s] DEBUG:colcon.colcon_parallel_executor.executor.parallel:run_until_complete
[6.411s] INFO:colcon.colcon_ros.task.ament_cmake.build:Building ROS package in '/code/src/articubot_one' with build type 'ament_cmake'
[6.412s] INFO:colcon.colcon_cmake.task.cmake.build:Building CMake package in '/code/src/articubot_one'
[6.451s] INFO:colcon.colcon_core.plugin_system:Skipping extension 'colcon_core.shell.bat': Not used on non-Windows systems
[6.452s] INFO:colcon.colcon_core.shell:Skip shell extension 'powershell' for command environment: Not usable outside of PowerShell
[6.452s] DEBUG:colcon.colcon_core.shell:Skip shell extension 'dsv' for command environment
[6.527s] DEBUG:colcon.colcon_core.event_handler.log_command:Invoking command in '/code/build/articubot_one': CMAKE_PREFIX_PATH=/opt/ros/iron /usr/bin/cmake /code/src/articubot_one -DAMENT_CMAKE_SYMLINK_INSTALL=1 -DCMAKE_INSTALL_PREFIX=/code/install/articubot_one
[12.997s] DEBUG:colcon.colcon_core.event_handler.log_command:Invoked command in '/code/build/articubot_one' returned '0': CMAKE_PREFIX_PATH=/opt/ros/iron /usr/bin/cmake /code/src/articubot_one -DAMENT_CMAKE_SYMLINK_INSTALL=1 -DCMAKE_INSTALL_PREFIX=/code/install/articubot_one
[13.001s] DEBUG:colcon.colcon_core.event_handler.log_command:Invoking command in '/code/build/articubot_one': CMAKE_PREFIX_PATH=/opt/ros/iron /usr/bin/cmake --build /code/build/articubot_one -- -j8 -l8
[13.138s] DEBUG:colcon.colcon_core.event_handler.log_command:Invoked command in '/code/build/articubot_one' returned '0': CMAKE_PREFIX_PATH=/opt/ros/iron /usr/bin/cmake --build /code/build/articubot_one -- -j8 -l8
[13.253s] DEBUG:colcon.colcon_core.event_handler.log_command:Invoking command in '/code/build/articubot_one': CMAKE_PREFIX_PATH=/opt/ros/iron /usr/bin/cmake --install /code/build/articubot_one
[13.847s] Level 1:colcon.colcon_core.environment:create_environment_scripts_only(articubot_one)
[13.849s] DEBUG:colcon.colcon_core.event_handler.log_command:Invoked command in '/code/build/articubot_one' returned '0': CMAKE_PREFIX_PATH=/opt/ros/iron /usr/bin/cmake --install /code/build/articubot_one
[13.927s] Level 1:colcon.colcon_core.environment:checking '/code/install/articubot_one' for CMake module files
[13.929s] Level 1:colcon.colcon_core.environment:checking '/code/install/articubot_one' for CMake config files
[13.930s] Level 1:colcon.colcon_core.shell:create_environment_hook('articubot_one', 'cmake_prefix_path')
[13.931s] INFO:colcon.colcon_core.shell:Creating environment hook '/code/install/articubot_one/share/articubot_one/hook/cmake_prefix_path.ps1'
[13.933s] INFO:colcon.colcon_core.shell:Creating environment descriptor '/code/install/articubot_one/share/articubot_one/hook/cmake_prefix_path.dsv'
[13.942s] INFO:colcon.colcon_core.shell:Creating environment hook '/code/install/articubot_one/share/articubot_one/hook/cmake_prefix_path.sh'
[13.945s] Level 1:colcon.colcon_core.environment:checking '/code/install/articubot_one/bin'
[13.945s] Level 1:colcon.colcon_core.environment:checking '/code/install/articubot_one/lib/pkgconfig/articubot_one.pc'
[13.950s] Level 1:colcon.colcon_core.environment:checking '/code/install/articubot_one/lib/python3.10/site-packages'
[13.951s] Level 1:colcon.colcon_core.environment:checking '/code/install/articubot_one/bin'
[13.955s] INFO:colcon.colcon_core.shell:Creating package script '/code/install/articubot_one/share/articubot_one/package.ps1'
[13.958s] INFO:colcon.colcon_core.shell:Creating package descriptor '/code/install/articubot_one/share/articubot_one/package.dsv'
[13.960s] INFO:colcon.colcon_core.shell:Creating package script '/code/install/articubot_one/share/articubot_one/package.sh'
[13.963s] INFO:colcon.colcon_core.shell:Creating package script '/code/install/articubot_one/share/articubot_one/package.bash'
[13.969s] INFO:colcon.colcon_core.shell:Creating package script '/code/install/articubot_one/share/articubot_one/package.zsh'
[13.973s] Level 1:colcon.colcon_core.environment:create_file_with_runtime_dependencies(/code/install/articubot_one/share/colcon-core/packages/articubot_one)
[14.040s] Level 1:colcon.colcon_core.environment:create_environment_scripts_only(articubot_one)
[14.041s] Level 1:colcon.colcon_core.environment:checking '/code/install/articubot_one' for CMake module files
[14.043s] Level 1:colcon.colcon_core.environment:checking '/code/install/articubot_one' for CMake config files
[14.044s] Level 1:colcon.colcon_core.shell:create_environment_hook('articubot_one', 'cmake_prefix_path')
[14.044s] INFO:colcon.colcon_core.shell:Creating environment hook '/code/install/articubot_one/share/articubot_one/hook/cmake_prefix_path.ps1'
[14.046s] INFO:colcon.colcon_core.shell:Creating environment descriptor '/code/install/articubot_one/share/articubot_one/hook/cmake_prefix_path.dsv'
[14.047s] INFO:colcon.colcon_core.shell:Creating environment hook '/code/install/articubot_one/share/articubot_one/hook/cmake_prefix_path.sh'
[14.048s] Level 1:colcon.colcon_core.environment:checking '/code/install/articubot_one/bin'
[14.049s] Level 1:colcon.colcon_core.environment:checking '/code/install/articubot_one/lib/pkgconfig/articubot_one.pc'
[14.050s] Level 1:colcon.colcon_core.environment:checking '/code/install/articubot_one/lib/python3.10/site-packages'
[14.050s] Level 1:colcon.colcon_core.environment:checking '/code/install/articubot_one/bin'
[14.051s] INFO:colcon.colcon_core.shell:Creating package script '/code/install/articubot_one/share/articubot_one/package.ps1'
[14.053s] INFO:colcon.colcon_core.shell:Creating package descriptor '/code/install/articubot_one/share/articubot_one/package.dsv'
[14.054s] INFO:colcon.colcon_core.shell:Creating package script '/code/install/articubot_one/share/articubot_one/package.sh'
[14.055s] INFO:colcon.colcon_core.shell:Creating package script '/code/install/articubot_one/share/articubot_one/package.bash'
[14.057s] INFO:colcon.colcon_core.shell:Creating package script '/code/install/articubot_one/share/articubot_one/package.zsh'
[14.058s] Level 1:colcon.colcon_core.environment:create_file_with_runtime_dependencies(/code/install/articubot_one/share/colcon-core/packages/articubot_one)
[14.059s] DEBUG:colcon.colcon_parallel_executor.executor.parallel:closing loop
[14.060s] DEBUG:colcon.colcon_parallel_executor.executor.parallel:loop closed
[14.061s] DEBUG:colcon.colcon_parallel_executor.executor.parallel:run_until_complete finished with '0'
[14.061s] DEBUG:colcon.colcon_core.event_reactor:joining thread
[14.258s] INFO:colcon.colcon_core.plugin_system:Skipping extension 'colcon_notification.desktop_notification.notify_send': Could not find 'notify-send'
[14.258s] INFO:colcon.colcon_core.plugin_system:Skipping extension 'colcon_notification.desktop_notification.terminal_notifier': Not used on non-Darwin systems
[14.258s] INFO:colcon.colcon_core.plugin_system:Skipping extension 'colcon_notification.desktop_notification.win32': Not used on non-Windows systems
[14.259s] INFO:colcon.colcon_notification.desktop_notification:Sending desktop notification using 'notify2'
[14.397s] DEBUG:colcon.colcon_notification.desktop_notification.notify2:Failed to initialize notify2: org.freedesktop.DBus.Error.Spawn.ExecFailed: /usr/bin/dbus-launch terminated abnormally without any error message
[14.399s] DEBUG:colcon.colcon_core.event_reactor:joined thread
[14.402s] INFO:colcon.colcon_core.shell:Creating prefix script '/code/install/local_setup.ps1'
[14.408s] INFO:colcon.colcon_core.shell:Creating prefix util module '/code/install/_local_setup_util_ps1.py'
[14.425s] INFO:colcon.colcon_core.shell:Creating prefix chain script '/code/install/setup.ps1'
[14.431s] INFO:colcon.colcon_core.shell:Creating prefix script '/code/install/local_setup.sh'
[14.434s] INFO:colcon.colcon_core.shell:Creating prefix util module '/code/install/_local_setup_util_sh.py'
[14.437s] INFO:colcon.colcon_core.shell:Creating prefix chain script '/code/install/setup.sh'
[14.449s] INFO:colcon.colcon_core.shell:Creating prefix script '/code/install/local_setup.bash'
[14.452s] INFO:colcon.colcon_core.shell:Creating prefix chain script '/code/install/setup.bash'
[14.458s] INFO:colcon.colcon_core.shell:Creating prefix script '/code/install/local_setup.zsh'
[14.461s] INFO:colcon.colcon_core.shell:Creating prefix chain script '/code/install/setup.zsh'
