[1.303s] DEBUG:colcon:Command line arguments: ['/usr/bin/colcon', 'build', '--symlink-install']
[1.305s] DEBUG:colcon:Parsed command line arguments: Namespace(log_base=None, log_level=None, verb_name='build', build_base='build', install_base='install', merge_install=False, symlink_install=True, test_result_base=None, continue_on_error=False, executor='parallel', parallel_workers=8, event_handlers=None, ignore_user_meta=False, metas=['./colcon.meta'], base_paths=['.'], packages_ignore=None, packages_ignore_regex=None, paths=None, packages_up_to=None, packages_up_to_regex=None, packages_above=None, packages_above_and_dependencies=None, packages_above_depth=None, packages_select_by_dep=None, packages_skip_by_dep=None, packages_skip_up_to=None, packages_select_build_failed=False, packages_skip_build_finished=False, packages_select_test_failures=False, packages_skip_test_passed=False, packages_select=None, packages_skip=None, packages_select_regex=None, packages_skip_regex=None, packages_start=None, packages_end=None, cmake_args=None, cmake_target=None, cmake_target_skip_unavailable=False, cmake_clean_cache=False, cmake_clean_first=False, cmake_force_configure=False, ament_cmake_args=None, catkin_cmake_args=None, catkin_skip_building_tests=False, mixin_files=None, mixin=None, verb_parser=<colcon_mixin.mixin.mixin_argument.MixinArgumentDecorator object at 0x7dad0b86ceb0>, verb_extension=<colcon_core.verb.build.BuildVerb object at 0x7dad0b86c460>, main=<bound method BuildVerb.main of <colcon_core.verb.build.BuildVerb object at 0x7dad0b86c460>>, mixin_verb=('build',))
[3.333s] Level 1:colcon.colcon_core.package_discovery:discover_packages(colcon_meta) check parameters
[3.333s] Level 1:colcon.colcon_core.package_discovery:discover_packages(recursive) check parameters
[3.333s] Level 1:colcon.colcon_core.package_discovery:discover_packages(ignore) check parameters
[3.333s] Level 1:colcon.colcon_core.package_discovery:discover_packages(path) check parameters
[3.334s] Level 1:colcon.colcon_core.package_discovery:discover_packages(colcon_meta) discover
[3.334s] Level 1:colcon.colcon_core.package_discovery:discover_packages(recursive) discover
[3.334s] INFO:colcon.colcon_core.package_discovery:Crawling recursively for packages in '/code'
[3.334s] Level 1:colcon.colcon_core.package_identification:_identify(.) by extensions ['ignore', 'ignore_ament_install']
[3.335s] Level 1:colcon.colcon_core.package_identification:_identify(.) by extension 'ignore'
[3.335s] Level 1:colcon.colcon_core.package_identification:_identify(.) by extension 'ignore_ament_install'
[3.336s] Level 1:colcon.colcon_core.package_identification:_identify(.) by extensions ['colcon_pkg']
[3.337s] Level 1:colcon.colcon_core.package_identification:_identify(.) by extension 'colcon_pkg'
[3.339s] Level 1:colcon.colcon_core.package_identification:_identify(.) by extensions ['colcon_meta']
[3.341s] Level 1:colcon.colcon_core.package_identification:_identify(.) by extension 'colcon_meta'
[3.342s] Level 1:colcon.colcon_core.package_identification:_identify(.) by extensions ['ros']
[3.343s] Level 1:colcon.colcon_core.package_identification:_identify(.) by extension 'ros'
[3.478s] Level 1:colcon.colcon_core.package_identification:_identify(.) by extensions ['cmake', 'python']
[3.479s] Level 1:colcon.colcon_core.package_identification:_identify(.) by extension 'cmake'
[3.479s] Level 1:colcon.colcon_core.package_identification:_identify(.) by extension 'python'
[3.479s] Level 1:colcon.colcon_core.package_identification:_identify(.) by extensions ['python_setup_py']
[3.479s] Level 1:colcon.colcon_core.package_identification:_identify(.) by extension 'python_setup_py'
[3.480s] Level 1:colcon.colcon_core.package_identification:_identify(build) by extensions ['ignore', 'ignore_ament_install']
[3.480s] Level 1:colcon.colcon_core.package_identification:_identify(build) by extension 'ignore'
[3.480s] Level 1:colcon.colcon_core.package_identification:_identify(build) ignored
[3.481s] Level 1:colcon.colcon_core.package_identification:_identify(docker) by extensions ['ignore', 'ignore_ament_install']
[3.482s] Level 1:colcon.colcon_core.package_identification:_identify(docker) by extension 'ignore'
[3.484s] Level 1:colcon.colcon_core.package_identification:_identify(docker) by extension 'ignore_ament_install'
[3.486s] Level 1:colcon.colcon_core.package_identification:_identify(docker) by extensions ['colcon_pkg']
[3.487s] Level 1:colcon.colcon_core.package_identification:_identify(docker) by extension 'colcon_pkg'
[3.488s] Level 1:colcon.colcon_core.package_identification:_identify(docker) by extensions ['colcon_meta']
[3.489s] Level 1:colcon.colcon_core.package_identification:_identify(docker) by extension 'colcon_meta'
[3.490s] Level 1:colcon.colcon_core.package_identification:_identify(docker) by extensions ['ros']
[3.492s] Level 1:colcon.colcon_core.package_identification:_identify(docker) by extension 'ros'
[3.495s] Level 1:colcon.colcon_core.package_identification:_identify(docker) by extensions ['cmake', 'python']
[3.496s] Level 1:colcon.colcon_core.package_identification:_identify(docker) by extension 'cmake'
[3.498s] Level 1:colcon.colcon_core.package_identification:_identify(docker) by extension 'python'
[3.499s] Level 1:colcon.colcon_core.package_identification:_identify(docker) by extensions ['python_setup_py']
[3.499s] Level 1:colcon.colcon_core.package_identification:_identify(docker) by extension 'python_setup_py'
[3.501s] Level 1:colcon.colcon_core.package_identification:_identify(install) by extensions ['ignore', 'ignore_ament_install']
[3.502s] Level 1:colcon.colcon_core.package_identification:_identify(install) by extension 'ignore'
[3.503s] Level 1:colcon.colcon_core.package_identification:_identify(install) ignored
[3.504s] Level 1:colcon.colcon_core.package_identification:_identify(log) by extensions ['ignore', 'ignore_ament_install']
[3.505s] Level 1:colcon.colcon_core.package_identification:_identify(log) by extension 'ignore'
[3.506s] Level 1:colcon.colcon_core.package_identification:_identify(log) ignored
[3.506s] Level 1:colcon.colcon_core.package_identification:_identify(src) by extensions ['ignore', 'ignore_ament_install']
[3.507s] Level 1:colcon.colcon_core.package_identification:_identify(src) by extension 'ignore'
[3.507s] Level 1:colcon.colcon_core.package_identification:_identify(src) by extension 'ignore_ament_install'
[3.507s] Level 1:colcon.colcon_core.package_identification:_identify(src) by extensions ['colcon_pkg']
[3.508s] Level 1:colcon.colcon_core.package_identification:_identify(src) by extension 'colcon_pkg'
[3.508s] Level 1:colcon.colcon_core.package_identification:_identify(src) by extensions ['colcon_meta']
[3.508s] Level 1:colcon.colcon_core.package_identification:_identify(src) by extension 'colcon_meta'
[3.509s] Level 1:colcon.colcon_core.package_identification:_identify(src) by extensions ['ros']
[3.511s] Level 1:colcon.colcon_core.package_identification:_identify(src) by extension 'ros'
[3.513s] Level 1:colcon.colcon_core.package_identification:_identify(src) by extensions ['cmake', 'python']
[3.513s] Level 1:colcon.colcon_core.package_identification:_identify(src) by extension 'cmake'
[3.514s] Level 1:colcon.colcon_core.package_identification:_identify(src) by extension 'python'
[3.516s] Level 1:colcon.colcon_core.package_identification:_identify(src) by extensions ['python_setup_py']
[3.517s] Level 1:colcon.colcon_core.package_identification:_identify(src) by extension 'python_setup_py'
[3.520s] Level 1:colcon.colcon_core.package_identification:_identify(src/articubot_one) by extensions ['ignore', 'ignore_ament_install']
[3.522s] Level 1:colcon.colcon_core.package_identification:_identify(src/articubot_one) by extension 'ignore'
[3.524s] Level 1:colcon.colcon_core.package_identification:_identify(src/articubot_one) by extension 'ignore_ament_install'
[3.526s] Level 1:colcon.colcon_core.package_identification:_identify(src/articubot_one) by extensions ['colcon_pkg']
[3.528s] Level 1:colcon.colcon_core.package_identification:_identify(src/articubot_one) by extension 'colcon_pkg'
[3.529s] Level 1:colcon.colcon_core.package_identification:_identify(src/articubot_one) by extensions ['colcon_meta']
[3.531s] Level 1:colcon.colcon_core.package_identification:_identify(src/articubot_one) by extension 'colcon_meta'
[3.533s] Level 1:colcon.colcon_core.package_identification:_identify(src/articubot_one) by extensions ['ros']
[3.533s] Level 1:colcon.colcon_core.package_identification:_identify(src/articubot_one) by extension 'ros'
[3.555s] DEBUG:colcon.colcon_core.package_identification:Package 'src/articubot_one' with type 'ros.ament_cmake' and name 'articubot_one'
[3.556s] Level 1:colcon.colcon_core.package_discovery:discover_packages(recursive) using defaults
[3.558s] Level 1:colcon.colcon_core.package_discovery:discover_packages(ignore) discover
[3.559s] Level 1:colcon.colcon_core.package_discovery:discover_packages(ignore) using defaults
[3.560s] Level 1:colcon.colcon_core.package_discovery:discover_packages(path) discover
[3.560s] Level 1:colcon.colcon_core.package_discovery:discover_packages(path) using defaults
[3.741s] Level 5:colcon.colcon_core.verb:set package 'articubot_one' build argument 'cmake_args' from command line to 'None'
[3.741s] Level 5:colcon.colcon_core.verb:set package 'articubot_one' build argument 'cmake_target' from command line to 'None'
[3.742s] Level 5:colcon.colcon_core.verb:set package 'articubot_one' build argument 'cmake_target_skip_unavailable' from command line to 'False'
[3.742s] Level 5:colcon.colcon_core.verb:set package 'articubot_one' build argument 'cmake_clean_cache' from command line to 'False'
[3.742s] Level 5:colcon.colcon_core.verb:set package 'articubot_one' build argument 'cmake_clean_first' from command line to 'False'
[3.742s] Level 5:colcon.colcon_core.verb:set package 'articubot_one' build argument 'cmake_force_configure' from command line to 'False'
[3.742s] Level 5:colcon.colcon_core.verb:set package 'articubot_one' build argument 'ament_cmake_args' from command line to 'None'
[3.742s] Level 5:colcon.colcon_core.verb:set package 'articubot_one' build argument 'catkin_cmake_args' from command line to 'None'
[3.742s] Level 5:colcon.colcon_core.verb:set package 'articubot_one' build argument 'catkin_skip_building_tests' from command line to 'False'
[3.742s] DEBUG:colcon.colcon_core.verb:Building package 'articubot_one' with the following arguments: {'ament_cmake_args': None, 'build_base': '/code/build/articubot_one', 'catkin_cmake_args': None, 'catkin_skip_building_tests': False, 'cmake_args': None, 'cmake_clean_cache': False, 'cmake_clean_first': False, 'cmake_force_configure': False, 'cmake_target': None, 'cmake_target_skip_unavailable': False, 'install_base': '/code/install/articubot_one', 'merge_install': False, 'path': '/code/src/articubot_one', 'symlink_install': True, 'test_result_base': None}
[3.744s] INFO:colcon.colcon_core.executor:Executing jobs using 'parallel' executor
[3.761s] DEBUG:colcon.colcon_parallel_executor.executor.parallel:run_until_complete
[3.765s] INFO:colcon.colcon_ros.task.ament_cmake.build:Building ROS package in '/code/src/articubot_one' with build type 'ament_cmake'
[3.766s] INFO:colcon.colcon_cmake.task.cmake.build:Building CMake package in '/code/src/articubot_one'
[3.812s] INFO:colcon.colcon_core.plugin_system:Skipping extension 'colcon_core.shell.bat': Not used on non-Windows systems
[3.819s] INFO:colcon.colcon_core.shell:Skip shell extension 'powershell' for command environment: Not usable outside of PowerShell
[3.821s] DEBUG:colcon.colcon_core.shell:Skip shell extension 'dsv' for command environment
[3.932s] DEBUG:colcon.colcon_core.event_handler.log_command:Invoking command in '/code/build/articubot_one': CMAKE_PREFIX_PATH=${CMAKE_PREFIX_PATH}:/code/install/joy_tester:/opt/ros/iron /usr/bin/cmake --build /code/build/articubot_one -- -j8 -l8
[4.284s] DEBUG:colcon.colcon_core.event_handler.log_command:Invoked command in '/code/build/articubot_one' returned '0': CMAKE_PREFIX_PATH=${CMAKE_PREFIX_PATH}:/code/install/joy_tester:/opt/ros/iron /usr/bin/cmake --build /code/build/articubot_one -- -j8 -l8
[4.548s] DEBUG:colcon.colcon_core.event_handler.log_command:Invoking command in '/code/build/articubot_one': CMAKE_PREFIX_PATH=${CMAKE_PREFIX_PATH}:/code/install/joy_tester:/opt/ros/iron /usr/bin/cmake --install /code/build/articubot_one
[4.767s] Level 1:colcon.colcon_core.environment:create_environment_scripts_only(articubot_one)
[4.770s] DEBUG:colcon.colcon_core.event_handler.log_command:Invoked command in '/code/build/articubot_one' returned '0': CMAKE_PREFIX_PATH=${CMAKE_PREFIX_PATH}:/code/install/joy_tester:/opt/ros/iron /usr/bin/cmake --install /code/build/articubot_one
[4.805s] Level 1:colcon.colcon_core.environment:checking '/code/install/articubot_one' for CMake module files
[4.810s] Level 1:colcon.colcon_core.environment:checking '/code/install/articubot_one' for CMake config files
[4.813s] Level 1:colcon.colcon_core.shell:create_environment_hook('articubot_one', 'cmake_prefix_path')
[4.815s] INFO:colcon.colcon_core.shell:Creating environment hook '/code/install/articubot_one/share/articubot_one/hook/cmake_prefix_path.ps1'
[4.816s] INFO:colcon.colcon_core.shell:Creating environment descriptor '/code/install/articubot_one/share/articubot_one/hook/cmake_prefix_path.dsv'
[4.817s] INFO:colcon.colcon_core.shell:Creating environment hook '/code/install/articubot_one/share/articubot_one/hook/cmake_prefix_path.sh'
[4.825s] Level 1:colcon.colcon_core.environment:checking '/code/install/articubot_one/bin'
[4.827s] Level 1:colcon.colcon_core.environment:checking '/code/install/articubot_one/lib/pkgconfig/articubot_one.pc'
[4.857s] Level 1:colcon.colcon_core.environment:checking '/code/install/articubot_one/lib/python3.10/site-packages'
[4.864s] Level 1:colcon.colcon_core.environment:checking '/code/install/articubot_one/bin'
[4.871s] INFO:colcon.colcon_core.shell:Creating package script '/code/install/articubot_one/share/articubot_one/package.ps1'
[4.881s] INFO:colcon.colcon_core.shell:Creating package descriptor '/code/install/articubot_one/share/articubot_one/package.dsv'
[4.890s] INFO:colcon.colcon_core.shell:Creating package script '/code/install/articubot_one/share/articubot_one/package.sh'
[4.900s] INFO:colcon.colcon_core.shell:Creating package script '/code/install/articubot_one/share/articubot_one/package.bash'
[4.909s] INFO:colcon.colcon_core.shell:Creating package script '/code/install/articubot_one/share/articubot_one/package.zsh'
[4.915s] Level 1:colcon.colcon_core.environment:create_file_with_runtime_dependencies(/code/install/articubot_one/share/colcon-core/packages/articubot_one)
[5.089s] Level 1:colcon.colcon_core.environment:create_environment_scripts_only(articubot_one)
[5.090s] Level 1:colcon.colcon_core.environment:checking '/code/install/articubot_one' for CMake module files
[5.092s] Level 1:colcon.colcon_core.environment:checking '/code/install/articubot_one' for CMake config files
[5.098s] Level 1:colcon.colcon_core.shell:create_environment_hook('articubot_one', 'cmake_prefix_path')
[5.101s] INFO:colcon.colcon_core.shell:Creating environment hook '/code/install/articubot_one/share/articubot_one/hook/cmake_prefix_path.ps1'
[5.110s] INFO:colcon.colcon_core.shell:Creating environment descriptor '/code/install/articubot_one/share/articubot_one/hook/cmake_prefix_path.dsv'
[5.117s] INFO:colcon.colcon_core.shell:Creating environment hook '/code/install/articubot_one/share/articubot_one/hook/cmake_prefix_path.sh'
[5.121s] Level 1:colcon.colcon_core.environment:checking '/code/install/articubot_one/bin'
[5.122s] Level 1:colcon.colcon_core.environment:checking '/code/install/articubot_one/lib/pkgconfig/articubot_one.pc'
[5.124s] Level 1:colcon.colcon_core.environment:checking '/code/install/articubot_one/lib/python3.10/site-packages'
[5.126s] Level 1:colcon.colcon_core.environment:checking '/code/install/articubot_one/bin'
[5.131s] INFO:colcon.colcon_core.shell:Creating package script '/code/install/articubot_one/share/articubot_one/package.ps1'
[5.139s] INFO:colcon.colcon_core.shell:Creating package descriptor '/code/install/articubot_one/share/articubot_one/package.dsv'
[5.151s] INFO:colcon.colcon_core.shell:Creating package script '/code/install/articubot_one/share/articubot_one/package.sh'
[5.156s] INFO:colcon.colcon_core.shell:Creating package script '/code/install/articubot_one/share/articubot_one/package.bash'
[5.161s] INFO:colcon.colcon_core.shell:Creating package script '/code/install/articubot_one/share/articubot_one/package.zsh'
[5.169s] Level 1:colcon.colcon_core.environment:create_file_with_runtime_dependencies(/code/install/articubot_one/share/colcon-core/packages/articubot_one)
[5.172s] DEBUG:colcon.colcon_parallel_executor.executor.parallel:closing loop
[5.177s] DEBUG:colcon.colcon_parallel_executor.executor.parallel:loop closed
[5.179s] DEBUG:colcon.colcon_parallel_executor.executor.parallel:run_until_complete finished with '0'
[5.181s] DEBUG:colcon.colcon_core.event_reactor:joining thread
[5.365s] INFO:colcon.colcon_core.plugin_system:Skipping extension 'colcon_notification.desktop_notification.notify_send': Could not find 'notify-send'
[5.366s] INFO:colcon.colcon_core.plugin_system:Skipping extension 'colcon_notification.desktop_notification.terminal_notifier': Not used on non-Darwin systems
[5.367s] INFO:colcon.colcon_core.plugin_system:Skipping extension 'colcon_notification.desktop_notification.win32': Not used on non-Windows systems
[5.367s] INFO:colcon.colcon_notification.desktop_notification:Sending desktop notification using 'notify2'
[5.386s] DEBUG:colcon.colcon_notification.desktop_notification.notify2:Failed to initialize notify2: org.freedesktop.DBus.Error.Spawn.ExecFailed: /usr/bin/dbus-launch terminated abnormally without any error message
[5.388s] DEBUG:colcon.colcon_core.event_reactor:joined thread
[5.392s] INFO:colcon.colcon_core.shell:Creating prefix script '/code/install/local_setup.ps1'
[5.398s] INFO:colcon.colcon_core.shell:Creating prefix util module '/code/install/_local_setup_util_ps1.py'
[5.411s] INFO:colcon.colcon_core.shell:Creating prefix chain script '/code/install/setup.ps1'
[5.423s] INFO:colcon.colcon_core.shell:Creating prefix script '/code/install/local_setup.sh'
[5.432s] INFO:colcon.colcon_core.shell:Creating prefix util module '/code/install/_local_setup_util_sh.py'
[5.438s] INFO:colcon.colcon_core.shell:Creating prefix chain script '/code/install/setup.sh'
[5.451s] INFO:colcon.colcon_core.shell:Creating prefix script '/code/install/local_setup.bash'
[5.456s] INFO:colcon.colcon_core.shell:Creating prefix chain script '/code/install/setup.bash'
[5.465s] INFO:colcon.colcon_core.shell:Creating prefix script '/code/install/local_setup.zsh'
[5.471s] INFO:colcon.colcon_core.shell:Creating prefix chain script '/code/install/setup.zsh'
